[2024-08-09 19:50:25,829] {taskinstance.py:1159} INFO - Dependencies all met for <TaskInstance: hello_world_dag.hello_world_task scheduled__2023-03-21T00:00:00+00:00 [queued]>
[2024-08-09 19:50:25,836] {taskinstance.py:1159} INFO - Dependencies all met for <TaskInstance: hello_world_dag.hello_world_task scheduled__2023-03-21T00:00:00+00:00 [queued]>
[2024-08-09 19:50:25,836] {taskinstance.py:1356} INFO - 
--------------------------------------------------------------------------------
[2024-08-09 19:50:25,836] {taskinstance.py:1357} INFO - Starting attempt 1 of 2
[2024-08-09 19:50:25,836] {taskinstance.py:1358} INFO - 
--------------------------------------------------------------------------------
[2024-08-09 19:50:25,848] {taskinstance.py:1377} INFO - Executing <Task(PythonOperator): hello_world_task> on 2023-03-21 00:00:00+00:00
[2024-08-09 19:50:25,850] {standard_task_runner.py:52} INFO - Started process 371 to run task
[2024-08-09 19:50:25,852] {standard_task_runner.py:79} INFO - Running: ['***', 'tasks', 'run', 'hello_world_dag', 'hello_world_task', 'scheduled__2023-03-21T00:00:00+00:00', '--job-id', '83', '--raw', '--subdir', 'DAGS_FOLDER/hello-world.py', '--cfg-path', '/tmp/tmp5arfhl_4', '--error-file', '/tmp/tmpqg22x22h']
[2024-08-09 19:50:25,852] {standard_task_runner.py:80} INFO - Job 83: Subtask hello_world_task
[2024-08-09 19:50:25,892] {task_command.py:369} INFO - Running <TaskInstance: hello_world_dag.hello_world_task scheduled__2023-03-21T00:00:00+00:00 [running]> on host 44c38326447f
[2024-08-09 19:50:25,950] {taskinstance.py:1571} INFO - Exporting the following env vars:
AIRFLOW_CTX_DAG_OWNER=***
AIRFLOW_CTX_DAG_ID=hello_world_dag
AIRFLOW_CTX_TASK_ID=hello_world_task
AIRFLOW_CTX_EXECUTION_DATE=2023-03-21T00:00:00+00:00
AIRFLOW_CTX_TRY_NUMBER=1
AIRFLOW_CTX_DAG_RUN_ID=scheduled__2023-03-21T00:00:00+00:00
[2024-08-09 19:50:25,951] {logging_mixin.py:115} INFO - Hello, world!
[2024-08-09 19:50:25,951] {python.py:173} INFO - Done. Returned value was: None
[2024-08-09 19:50:25,963] {taskinstance.py:1400} INFO - Marking task as SUCCESS. dag_id=hello_world_dag, task_id=hello_world_task, execution_date=20230321T000000, start_date=20240809T195025, end_date=20240809T195025
[2024-08-09 19:50:25,984] {local_task_job.py:156} INFO - Task exited with return code 0
[2024-08-09 19:50:26,061] {local_task_job.py:273} INFO - 0 downstream tasks scheduled from follow-on schedule check
