[2024-08-09 19:47:42,390] {taskinstance.py:1159} INFO - Dependencies all met for <TaskInstance: hello_world_dag.hello_world_task manual__2024-08-09T19:47:38.757788+00:00 [queued]>
[2024-08-09 19:47:42,401] {taskinstance.py:1159} INFO - Dependencies all met for <TaskInstance: hello_world_dag.hello_world_task manual__2024-08-09T19:47:38.757788+00:00 [queued]>
[2024-08-09 19:47:42,401] {taskinstance.py:1356} INFO - 
--------------------------------------------------------------------------------
[2024-08-09 19:47:42,401] {taskinstance.py:1357} INFO - Starting attempt 1 of 2
[2024-08-09 19:47:42,401] {taskinstance.py:1358} INFO - 
--------------------------------------------------------------------------------
[2024-08-09 19:47:42,417] {taskinstance.py:1377} INFO - Executing <Task(PythonOperator): hello_world_task> on 2024-08-09 19:47:38.757788+00:00
[2024-08-09 19:47:42,419] {standard_task_runner.py:52} INFO - Started process 45 to run task
[2024-08-09 19:47:42,421] {standard_task_runner.py:79} INFO - Running: ['***', 'tasks', 'run', 'hello_world_dag', 'hello_world_task', 'manual__2024-08-09T19:47:38.757788+00:00', '--job-id', '4', '--raw', '--subdir', 'DAGS_FOLDER/hello-world.py', '--cfg-path', '/tmp/tmpfljf62h2', '--error-file', '/tmp/tmpl4wbqz41']
[2024-08-09 19:47:42,421] {standard_task_runner.py:80} INFO - Job 4: Subtask hello_world_task
[2024-08-09 19:47:42,471] {task_command.py:369} INFO - Running <TaskInstance: hello_world_dag.hello_world_task manual__2024-08-09T19:47:38.757788+00:00 [running]> on host 44c38326447f
[2024-08-09 19:47:42,550] {taskinstance.py:1571} INFO - Exporting the following env vars:
AIRFLOW_CTX_DAG_OWNER=***
AIRFLOW_CTX_DAG_ID=hello_world_dag
AIRFLOW_CTX_TASK_ID=hello_world_task
AIRFLOW_CTX_EXECUTION_DATE=2024-08-09T19:47:38.757788+00:00
AIRFLOW_CTX_TRY_NUMBER=1
AIRFLOW_CTX_DAG_RUN_ID=manual__2024-08-09T19:47:38.757788+00:00
[2024-08-09 19:47:42,551] {logging_mixin.py:115} INFO - Hello, world!
[2024-08-09 19:47:42,551] {python.py:173} INFO - Done. Returned value was: None
[2024-08-09 19:47:42,565] {taskinstance.py:1400} INFO - Marking task as SUCCESS. dag_id=hello_world_dag, task_id=hello_world_task, execution_date=20240809T194738, start_date=20240809T194742, end_date=20240809T194742
[2024-08-09 19:47:42,592] {local_task_job.py:156} INFO - Task exited with return code 0
[2024-08-09 19:47:42,628] {local_task_job.py:273} INFO - 0 downstream tasks scheduled from follow-on schedule check
