[2024-08-09 19:49:14,037] {taskinstance.py:1159} INFO - Dependencies all met for <TaskInstance: hello_world_dag.hello_world_task scheduled__2023-02-14T00:00:00+00:00 [queued]>
[2024-08-09 19:49:14,043] {taskinstance.py:1159} INFO - Dependencies all met for <TaskInstance: hello_world_dag.hello_world_task scheduled__2023-02-14T00:00:00+00:00 [queued]>
[2024-08-09 19:49:14,043] {taskinstance.py:1356} INFO - 
--------------------------------------------------------------------------------
[2024-08-09 19:49:14,043] {taskinstance.py:1357} INFO - Starting attempt 1 of 2
[2024-08-09 19:49:14,043] {taskinstance.py:1358} INFO - 
--------------------------------------------------------------------------------
[2024-08-09 19:49:14,053] {taskinstance.py:1377} INFO - Executing <Task(PythonOperator): hello_world_task> on 2023-02-14 00:00:00+00:00
[2024-08-09 19:49:14,055] {standard_task_runner.py:52} INFO - Started process 227 to run task
[2024-08-09 19:49:14,057] {standard_task_runner.py:79} INFO - Running: ['***', 'tasks', 'run', 'hello_world_dag', 'hello_world_task', 'scheduled__2023-02-14T00:00:00+00:00', '--job-id', '48', '--raw', '--subdir', 'DAGS_FOLDER/hello-world.py', '--cfg-path', '/tmp/tmpdmjqxqx6', '--error-file', '/tmp/tmpvdannrg3']
[2024-08-09 19:49:14,057] {standard_task_runner.py:80} INFO - Job 48: Subtask hello_world_task
[2024-08-09 19:49:14,096] {task_command.py:369} INFO - Running <TaskInstance: hello_world_dag.hello_world_task scheduled__2023-02-14T00:00:00+00:00 [running]> on host 44c38326447f
[2024-08-09 19:49:14,164] {taskinstance.py:1571} INFO - Exporting the following env vars:
AIRFLOW_CTX_DAG_OWNER=***
AIRFLOW_CTX_DAG_ID=hello_world_dag
AIRFLOW_CTX_TASK_ID=hello_world_task
AIRFLOW_CTX_EXECUTION_DATE=2023-02-14T00:00:00+00:00
AIRFLOW_CTX_TRY_NUMBER=1
AIRFLOW_CTX_DAG_RUN_ID=scheduled__2023-02-14T00:00:00+00:00
[2024-08-09 19:49:14,164] {logging_mixin.py:115} INFO - Hello, world!
[2024-08-09 19:49:14,164] {python.py:173} INFO - Done. Returned value was: None
[2024-08-09 19:49:14,174] {taskinstance.py:1400} INFO - Marking task as SUCCESS. dag_id=hello_world_dag, task_id=hello_world_task, execution_date=20230214T000000, start_date=20240809T194914, end_date=20240809T194914
[2024-08-09 19:49:14,189] {local_task_job.py:156} INFO - Task exited with return code 0
[2024-08-09 19:49:14,215] {local_task_job.py:273} INFO - 0 downstream tasks scheduled from follow-on schedule check
