[2024-08-09 18:18:52,067] {manager.py:474} INFO - Processing files using up to 2 processes at a time 
[2024-08-09 18:18:52,067] {manager.py:475} INFO - Process each file at most once every 30 seconds
[2024-08-09 18:18:52,067] {manager.py:477} INFO - Checking for new files in /opt/airflow/dags every 300 seconds
[2024-08-09 18:18:52,067] {manager.py:684} INFO - Searching for files in /opt/airflow/dags
[2024-08-09 18:18:52,068] {manager.py:687} INFO - There are 0 files in /opt/airflow/dags
[2024-08-09 18:20:18,798] {manager.py:455} INFO - Exiting gracefully upon receiving signal 15
[2024-08-09 18:32:31,545] {manager.py:474} INFO - Processing files using up to 2 processes at a time 
[2024-08-09 18:32:31,545] {manager.py:475} INFO - Process each file at most once every 30 seconds
[2024-08-09 18:32:31,545] {manager.py:477} INFO - Checking for new files in /opt/airflow/dags every 300 seconds
[2024-08-09 18:32:31,545] {manager.py:684} INFO - Searching for files in /opt/airflow/dags
[2024-08-09 18:32:31,546] {manager.py:687} INFO - There are 0 files in /opt/airflow/dags
[2024-08-09 18:33:20,163] {manager.py:455} INFO - Exiting gracefully upon receiving signal 15
[2024-08-09 19:41:37,202] {manager.py:474} INFO - Processing files using up to 2 processes at a time 
[2024-08-09 19:41:37,202] {manager.py:475} INFO - Process each file at most once every 30 seconds
[2024-08-09 19:41:37,202] {manager.py:477} INFO - Checking for new files in /opt/airflow/dags every 300 seconds
[2024-08-09 19:41:37,203] {manager.py:684} INFO - Searching for files in /opt/airflow/dags
[2024-08-09 19:41:37,203] {manager.py:687} INFO - There are 0 files in /opt/airflow/dags
[2024-08-09 19:46:05,484] {manager.py:455} INFO - Exiting gracefully upon receiving signal 15
[2024-08-09 19:46:28,116] {manager.py:474} INFO - Processing files using up to 2 processes at a time 
[2024-08-09 19:46:28,116] {manager.py:475} INFO - Process each file at most once every 30 seconds
[2024-08-09 19:46:28,117] {manager.py:477} INFO - Checking for new files in /opt/airflow/dags every 300 seconds
[2024-08-09 19:46:28,117] {manager.py:684} INFO - Searching for files in /opt/airflow/dags
[2024-08-09 19:46:28,117] {manager.py:687} INFO - There are 2 files in /opt/airflow/dags
[2024-08-09 19:46:28,181] {manager.py:803} INFO - 
================================================================================
DAG File Processing Stats

File Path                                        PID  Runtime      # DAGs    # Errors  Last Runtime    Last Run
---------------------------------------------  -----  ---------  --------  ----------  --------------  ----------
/opt/airflow/dags/sup_court_graph_workflow.py     32  0.02s             0           0
/opt/airflow/dags/hello-world.py                  31  0.02s             0           0
================================================================================
[2024-08-09 19:46:58,308] {manager.py:803} INFO - 
================================================================================
DAG File Processing Stats

File Path                                        PID  Runtime      # DAGs    # Errors  Last Runtime    Last Run
---------------------------------------------  -----  ---------  --------  ----------  --------------  -------------------
/opt/airflow/dags/sup_court_graph_workflow.py     34  0.00s             0           1  0.07s           2024-08-09T19:46:28
/opt/airflow/dags/hello-world.py                                        1           0  0.18s           2024-08-09T19:46:28
================================================================================
[2024-08-09 19:47:28,424] {manager.py:803} INFO - 
================================================================================
DAG File Processing Stats

File Path                                        PID  Runtime      # DAGs    # Errors  Last Runtime    Last Run
---------------------------------------------  -----  ---------  --------  ----------  --------------  -------------------
/opt/airflow/dags/sup_court_graph_workflow.py     36  0.00s             0           1  0.04s           2024-08-09T19:46:58
/opt/airflow/dags/hello-world.py                                        1           0  0.07s           2024-08-09T19:46:59
================================================================================
[2024-08-09 19:47:58,538] {manager.py:803} INFO - 
================================================================================
DAG File Processing Stats

File Path                                        PID  Runtime      # DAGs    # Errors  Last Runtime    Last Run
---------------------------------------------  -----  ---------  --------  ----------  --------------  -------------------
/opt/airflow/dags/sup_court_graph_workflow.py     77  0.00s             0           1  0.04s           2024-08-09T19:47:28
/opt/airflow/dags/hello-world.py                                        1           0  0.11s           2024-08-09T19:47:29
================================================================================
[2024-08-09 19:48:28,645] {manager.py:803} INFO - 
================================================================================
DAG File Processing Stats

File Path                                        PID  Runtime      # DAGs    # Errors  Last Runtime    Last Run
---------------------------------------------  -----  ---------  --------  ----------  --------------  -------------------
/opt/airflow/dags/sup_court_graph_workflow.py    139  0.00s             0           1  0.04s           2024-08-09T19:47:58
/opt/airflow/dags/hello-world.py                                        1           0  0.07s           2024-08-09T19:47:59
================================================================================
[2024-08-09 19:48:58,735] {manager.py:803} INFO - 
================================================================================
DAG File Processing Stats

File Path                                        PID  Runtime      # DAGs    # Errors  Last Runtime    Last Run
---------------------------------------------  -----  ---------  --------  ----------  --------------  -------------------
/opt/airflow/dags/sup_court_graph_workflow.py    198  0.00s             0           1  0.03s           2024-08-09T19:48:28
/opt/airflow/dags/hello-world.py                                        1           0  0.09s           2024-08-09T19:48:29
================================================================================
[2024-08-09 19:49:28,852] {manager.py:803} INFO - 
================================================================================
DAG File Processing Stats

File Path                                        PID  Runtime      # DAGs    # Errors  Last Runtime    Last Run
---------------------------------------------  -----  ---------  --------  ----------  --------------  -------------------
/opt/airflow/dags/sup_court_graph_workflow.py    256  0.00s             0           1  0.04s           2024-08-09T19:48:58
/opt/airflow/dags/hello-world.py                                        1           0  0.11s           2024-08-09T19:48:59
================================================================================
[2024-08-09 19:49:58,951] {manager.py:803} INFO - 
================================================================================
DAG File Processing Stats

File Path                                        PID  Runtime      # DAGs    # Errors  Last Runtime    Last Run
---------------------------------------------  -----  ---------  --------  ----------  --------------  -------------------
/opt/airflow/dags/sup_court_graph_workflow.py    313  0.00s             0           1  0.03s           2024-08-09T19:49:28
/opt/airflow/dags/hello-world.py                                        1           0  0.08s           2024-08-09T19:49:30
================================================================================
[2024-08-09 19:50:29,068] {manager.py:803} INFO - 
================================================================================
DAG File Processing Stats

File Path                                        PID  Runtime      # DAGs    # Errors  Last Runtime    Last Run
---------------------------------------------  -----  ---------  --------  ----------  --------------  -------------------
/opt/airflow/dags/sup_court_graph_workflow.py    377  0.00s             0           1  0.06s           2024-08-09T19:49:59
/opt/airflow/dags/hello-world.py                                        1           0  0.07s           2024-08-09T19:50:01
================================================================================
[2024-08-09 19:50:59,176] {manager.py:803} INFO - 
================================================================================
DAG File Processing Stats

File Path                                        PID  Runtime      # DAGs    # Errors  Last Runtime    Last Run
---------------------------------------------  -----  ---------  --------  ----------  --------------  -------------------
/opt/airflow/dags/sup_court_graph_workflow.py    386  0.01s             0           1  0.03s           2024-08-09T19:50:29
/opt/airflow/dags/hello-world.py                                        1           0  0.06s           2024-08-09T19:50:31
================================================================================
[2024-08-09 19:50:59,231] {manager.py:919} ERROR - Processor for /opt/airflow/dags/sup_court_graph_workflow.py exited with return code 1.
[2024-08-09 19:50:59,672] {manager.py:455} INFO - Exiting gracefully upon receiving signal 15
[2024-08-09 20:01:20,386] {manager.py:474} INFO - Processing files using up to 2 processes at a time 
[2024-08-09 20:01:20,387] {manager.py:475} INFO - Process each file at most once every 30 seconds
[2024-08-09 20:01:20,387] {manager.py:477} INFO - Checking for new files in /opt/airflow/dags every 300 seconds
[2024-08-09 20:01:20,387] {manager.py:684} INFO - Searching for files in /opt/airflow/dags
[2024-08-09 20:01:20,389] {manager.py:687} INFO - There are 2 files in /opt/airflow/dags
[2024-08-09 20:01:20,449] {manager.py:803} INFO - 
================================================================================
DAG File Processing Stats

File Path                                        PID  Runtime      # DAGs    # Errors  Last Runtime    Last Run
---------------------------------------------  -----  ---------  --------  ----------  --------------  ----------
/opt/airflow/dags/sup_court_graph_workflow.py     31  0.02s             0           0
/opt/airflow/dags/hello-world.py                  30  0.02s             0           0
================================================================================
[2024-08-09 20:01:50,725] {manager.py:803} INFO - 
================================================================================
DAG File Processing Stats

File Path                                        PID  Runtime      # DAGs    # Errors  Last Runtime    Last Run
---------------------------------------------  -----  ---------  --------  ----------  --------------  -------------------
/opt/airflow/dags/sup_court_graph_workflow.py     34  0.00s             1           0  0.28s           2024-08-09T20:01:20
/opt/airflow/dags/hello-world.py                  33  0.01s             1           0  0.22s           2024-08-09T20:01:20
================================================================================
[2024-08-09 20:02:20,848] {manager.py:803} INFO - 
================================================================================
DAG File Processing Stats

File Path                                        PID  Runtime      # DAGs    # Errors  Last Runtime    Last Run
---------------------------------------------  -----  ---------  --------  ----------  --------------  -------------------
/opt/airflow/dags/sup_court_graph_workflow.py                           1           0  0.12s           2024-08-09T20:01:50
/opt/airflow/dags/hello-world.py                  74  0.00s             1           0  0.05s           2024-08-09T20:01:50
================================================================================
[2024-08-09 20:02:51,024] {manager.py:803} INFO - 
================================================================================
DAG File Processing Stats

File Path                                        PID  Runtime      # DAGs    # Errors  Last Runtime    Last Run
---------------------------------------------  -----  ---------  --------  ----------  --------------  -------------------
/opt/airflow/dags/sup_court_graph_workflow.py                           1           0  0.21s           2024-08-09T20:02:21
/opt/airflow/dags/hello-world.py                 101  0.01s             1           0  0.10s           2024-08-09T20:02:20
================================================================================
[2024-08-09 20:03:21,191] {manager.py:803} INFO - 
================================================================================
DAG File Processing Stats

File Path                                        PID  Runtime      # DAGs    # Errors  Last Runtime    Last Run
---------------------------------------------  -----  ---------  --------  ----------  --------------  -------------------
/opt/airflow/dags/sup_court_graph_workflow.py                           1           0  0.19s           2024-08-09T20:02:51
/opt/airflow/dags/hello-world.py                 103  0.00s             1           0  0.10s           2024-08-09T20:02:51
================================================================================
[2024-08-09 20:03:51,327] {manager.py:803} INFO - 
================================================================================
DAG File Processing Stats

File Path                                        PID  Runtime      # DAGs    # Errors  Last Runtime    Last Run
---------------------------------------------  -----  ---------  --------  ----------  --------------  -------------------
/opt/airflow/dags/sup_court_graph_workflow.py                           1           0  0.21s           2024-08-09T20:03:22
/opt/airflow/dags/hello-world.py                 105  0.01s             1           0  0.06s           2024-08-09T20:03:21
================================================================================
[2024-08-09 20:04:21,499] {manager.py:803} INFO - 
================================================================================
DAG File Processing Stats

File Path                                        PID  Runtime      # DAGs    # Errors  Last Runtime    Last Run
---------------------------------------------  -----  ---------  --------  ----------  --------------  -------------------
/opt/airflow/dags/sup_court_graph_workflow.py                           1           0  0.24s           2024-08-09T20:03:52
/opt/airflow/dags/hello-world.py                 107  0.00s             1           0  0.09s           2024-08-09T20:03:51
================================================================================
[2024-08-09 20:04:51,684] {manager.py:803} INFO - 
================================================================================
DAG File Processing Stats

File Path                                        PID  Runtime      # DAGs    # Errors  Last Runtime    Last Run
---------------------------------------------  -----  ---------  --------  ----------  --------------  -------------------
/opt/airflow/dags/sup_court_graph_workflow.py                           1           0  0.20s           2024-08-09T20:04:23
/opt/airflow/dags/hello-world.py                 109  0.01s             1           0  0.10s           2024-08-09T20:04:21
================================================================================
[2024-08-09 20:05:15,335] {manager.py:455} INFO - Exiting gracefully upon receiving signal 15
[2024-08-09 20:06:21,599] {manager.py:474} INFO - Processing files using up to 2 processes at a time 
[2024-08-09 20:06:21,599] {manager.py:475} INFO - Process each file at most once every 30 seconds
[2024-08-09 20:06:21,599] {manager.py:477} INFO - Checking for new files in /opt/airflow/dags every 300 seconds
[2024-08-09 20:06:21,599] {manager.py:684} INFO - Searching for files in /opt/airflow/dags
[2024-08-09 20:06:21,600] {manager.py:687} INFO - There are 2 files in /opt/airflow/dags
[2024-08-09 20:06:21,642] {manager.py:803} INFO - 
================================================================================
DAG File Processing Stats

File Path                                        PID  Runtime      # DAGs    # Errors  Last Runtime    Last Run
---------------------------------------------  -----  ---------  --------  ----------  --------------  ----------
/opt/airflow/dags/sup_court_graph_workflow.py     31  0.02s             0           0
/opt/airflow/dags/hello-world.py                  32  0.01s             0           0
================================================================================
[2024-08-09 20:06:51,782] {manager.py:803} INFO - 
================================================================================
DAG File Processing Stats

File Path                                        PID  Runtime      # DAGs    # Errors  Last Runtime    Last Run
---------------------------------------------  -----  ---------  --------  ----------  --------------  -------------------
/opt/airflow/dags/sup_court_graph_workflow.py                           1           0  0.22s           2024-08-09T20:06:21
/opt/airflow/dags/hello-world.py                  34  0.00s             1           0  0.09s           2024-08-09T20:06:21
================================================================================
[2024-08-09 20:07:15,973] {manager.py:455} INFO - Exiting gracefully upon receiving signal 15
[2024-08-09 20:10:55,665] {manager.py:474} INFO - Processing files using up to 2 processes at a time 
[2024-08-09 20:10:55,665] {manager.py:475} INFO - Process each file at most once every 30 seconds
[2024-08-09 20:10:55,665] {manager.py:477} INFO - Checking for new files in /opt/airflow/dags every 300 seconds
[2024-08-09 20:10:55,665] {manager.py:684} INFO - Searching for files in /opt/airflow/dags
[2024-08-09 20:10:55,666] {manager.py:687} INFO - There are 2 files in /opt/airflow/dags
[2024-08-09 20:10:55,727] {manager.py:803} INFO - 
================================================================================
DAG File Processing Stats

File Path                                        PID  Runtime      # DAGs    # Errors  Last Runtime    Last Run
---------------------------------------------  -----  ---------  --------  ----------  --------------  ----------
/opt/airflow/dags/sup_court_graph_workflow.py     30  0.03s             0           0
/opt/airflow/dags/hello-world.py                  31  0.02s             0           0
================================================================================
[2024-08-09 20:11:25,906] {manager.py:803} INFO - 
================================================================================
DAG File Processing Stats

File Path                                        PID  Runtime      # DAGs    # Errors  Last Runtime    Last Run
---------------------------------------------  -----  ---------  --------  ----------  --------------  -------------------
/opt/airflow/dags/sup_court_graph_workflow.py                           1           0  0.23s           2024-08-09T20:10:55
/opt/airflow/dags/hello-world.py                  33  0.01s             1           0  0.12s           2024-08-09T20:10:55
================================================================================
[2024-08-09 20:11:56,066] {manager.py:803} INFO - 
================================================================================
DAG File Processing Stats

File Path                                        PID  Runtime      # DAGs    # Errors  Last Runtime    Last Run
---------------------------------------------  -----  ---------  --------  ----------  --------------  -------------------
/opt/airflow/dags/sup_court_graph_workflow.py                           1           0  0.19s           2024-08-09T20:11:26
/opt/airflow/dags/hello-world.py                  35  0.01s             1           0  0.07s           2024-08-09T20:11:25
================================================================================
[2024-08-09 20:12:26,238] {manager.py:803} INFO - 
================================================================================
DAG File Processing Stats

File Path                                        PID  Runtime      # DAGs    # Errors  Last Runtime    Last Run
---------------------------------------------  -----  ---------  --------  ----------  --------------  -------------------
/opt/airflow/dags/sup_court_graph_workflow.py                           1           0  0.17s           2024-08-09T20:11:57
/opt/airflow/dags/hello-world.py                  37  0.00s             1           0  0.10s           2024-08-09T20:11:56
================================================================================
[2024-08-09 20:12:56,409] {manager.py:803} INFO - 
================================================================================
DAG File Processing Stats

File Path                                        PID  Runtime      # DAGs    # Errors  Last Runtime    Last Run
---------------------------------------------  -----  ---------  --------  ----------  --------------  -------------------
/opt/airflow/dags/sup_court_graph_workflow.py                           1           0  0.24s           2024-08-09T20:12:27
/opt/airflow/dags/hello-world.py                  39  0.01s             1           0  0.08s           2024-08-09T20:12:26
================================================================================
[2024-08-09 20:13:26,579] {manager.py:803} INFO - 
================================================================================
DAG File Processing Stats

File Path                                        PID  Runtime      # DAGs    # Errors  Last Runtime    Last Run
---------------------------------------------  -----  ---------  --------  ----------  --------------  -------------------
/opt/airflow/dags/sup_court_graph_workflow.py                           1           0  0.22s           2024-08-09T20:12:58
/opt/airflow/dags/hello-world.py                  45  0.00s             1           0  0.11s           2024-08-09T20:12:56
================================================================================
[2024-08-09 20:13:56,777] {manager.py:803} INFO - 
================================================================================
DAG File Processing Stats

File Path                                        PID  Runtime      # DAGs    # Errors  Last Runtime    Last Run
---------------------------------------------  -----  ---------  --------  ----------  --------------  -------------------
/opt/airflow/dags/sup_court_graph_workflow.py                           1           0  0.21s           2024-08-09T20:13:28
/opt/airflow/dags/hello-world.py                  47  0.01s             1           0  0.10s           2024-08-09T20:13:26
================================================================================
[2024-08-09 20:14:27,044] {manager.py:803} INFO - 
================================================================================
DAG File Processing Stats

File Path                                        PID  Runtime      # DAGs    # Errors  Last Runtime    Last Run
---------------------------------------------  -----  ---------  --------  ----------  --------------  -------------------
/opt/airflow/dags/sup_court_graph_workflow.py                           1           0  0.30s           2024-08-09T20:13:59
/opt/airflow/dags/hello-world.py                  49  0.01s             1           0  0.18s           2024-08-09T20:13:56
================================================================================
[2024-08-09 20:14:57,233] {manager.py:803} INFO - 
================================================================================
DAG File Processing Stats

File Path                                        PID  Runtime      # DAGs    # Errors  Last Runtime    Last Run
---------------------------------------------  -----  ---------  --------  ----------  --------------  -------------------
/opt/airflow/dags/sup_court_graph_workflow.py                           1           0  0.17s           2024-08-09T20:14:30
/opt/airflow/dags/hello-world.py                  51  0.00s             1           0  0.11s           2024-08-09T20:14:27
================================================================================
[2024-08-09 20:15:27,387] {manager.py:803} INFO - 
================================================================================
DAG File Processing Stats

File Path                                        PID  Runtime      # DAGs    # Errors  Last Runtime    Last Run
---------------------------------------------  -----  ---------  --------  ----------  --------------  -------------------
/opt/airflow/dags/sup_court_graph_workflow.py                           1           0  0.18s           2024-08-09T20:15:00
/opt/airflow/dags/hello-world.py                  53  0.00s             1           0  0.08s           2024-08-09T20:14:57
================================================================================
[2024-08-09 20:15:55,710] {manager.py:684} INFO - Searching for files in /opt/airflow/dags
[2024-08-09 20:15:55,712] {manager.py:687} INFO - There are 2 files in /opt/airflow/dags
[2024-08-09 20:15:57,569] {manager.py:803} INFO - 
================================================================================
DAG File Processing Stats

File Path                                        PID  Runtime      # DAGs    # Errors  Last Runtime    Last Run
---------------------------------------------  -----  ---------  --------  ----------  --------------  -------------------
/opt/airflow/dags/sup_court_graph_workflow.py                           1           0  0.18s           2024-08-09T20:15:30
/opt/airflow/dags/hello-world.py                  55  0.00s             1           0  0.09s           2024-08-09T20:15:27
================================================================================
[2024-08-09 20:16:27,725] {manager.py:803} INFO - 
================================================================================
DAG File Processing Stats

File Path                                        PID  Runtime      # DAGs    # Errors  Last Runtime    Last Run
---------------------------------------------  -----  ---------  --------  ----------  --------------  -------------------
/opt/airflow/dags/sup_court_graph_workflow.py                           1           0  0.17s           2024-08-09T20:16:01
/opt/airflow/dags/hello-world.py                  57  0.01s             1           0  0.07s           2024-08-09T20:15:57
================================================================================
[2024-08-09 20:16:57,886] {manager.py:803} INFO - 
================================================================================
DAG File Processing Stats

File Path                                        PID  Runtime      # DAGs    # Errors  Last Runtime    Last Run
---------------------------------------------  -----  ---------  --------  ----------  --------------  -------------------
/opt/airflow/dags/sup_court_graph_workflow.py                           1           0  0.25s           2024-08-09T20:16:32
/opt/airflow/dags/hello-world.py                  59  0.00s             1           0  0.10s           2024-08-09T20:16:27
================================================================================
[2024-08-09 20:17:28,055] {manager.py:803} INFO - 
================================================================================
DAG File Processing Stats

File Path                                        PID  Runtime      # DAGs    # Errors  Last Runtime    Last Run
---------------------------------------------  -----  ---------  --------  ----------  --------------  -------------------
/opt/airflow/dags/sup_court_graph_workflow.py                           1           0  0.19s           2024-08-09T20:17:03
/opt/airflow/dags/hello-world.py                  61  0.01s             1           0  0.09s           2024-08-09T20:16:57
================================================================================
[2024-08-09 20:17:58,235] {manager.py:803} INFO - 
================================================================================
DAG File Processing Stats

File Path                                        PID  Runtime      # DAGs    # Errors  Last Runtime    Last Run
---------------------------------------------  -----  ---------  --------  ----------  --------------  -------------------
/opt/airflow/dags/sup_court_graph_workflow.py                           1           0  0.17s           2024-08-09T20:17:33
/opt/airflow/dags/hello-world.py                  63  0.01s             1           0  0.09s           2024-08-09T20:17:28
================================================================================
[2024-08-09 20:18:28,412] {manager.py:803} INFO - 
================================================================================
DAG File Processing Stats

File Path                                        PID  Runtime      # DAGs    # Errors  Last Runtime    Last Run
---------------------------------------------  -----  ---------  --------  ----------  --------------  -------------------
/opt/airflow/dags/sup_court_graph_workflow.py                           1           0  0.20s           2024-08-09T20:18:03
/opt/airflow/dags/hello-world.py                  69  0.00s             1           0  0.10s           2024-08-09T20:17:58
================================================================================
[2024-08-09 20:18:54,547] {manager.py:455} INFO - Exiting gracefully upon receiving signal 15
