[2024-08-09 19:46:28,168] {processor.py:153} INFO - Started process (PID=31) to work on /opt/airflow/dags/hello-world.py
[2024-08-09 19:46:28,169] {processor.py:641} INFO - Processing file /opt/airflow/dags/hello-world.py for tasks to queue
[2024-08-09 19:46:28,169] {logging_mixin.py:115} INFO - [2024-08-09 19:46:28,169] {dagbag.py:507} INFO - Filling up the DagBag from /opt/airflow/dags/hello-world.py
[2024-08-09 19:46:28,186] {processor.py:651} INFO - DAG(s) dict_keys(['hello_world_dag']) retrieved from /opt/airflow/dags/hello-world.py
[2024-08-09 19:46:28,296] {logging_mixin.py:115} INFO - [2024-08-09 19:46:28,296] {manager.py:508} INFO - Created Permission View: can edit on DAG:hello_world_dag
[2024-08-09 19:46:28,303] {logging_mixin.py:115} INFO - [2024-08-09 19:46:28,303] {manager.py:508} INFO - Created Permission View: can delete on DAG:hello_world_dag
[2024-08-09 19:46:28,308] {logging_mixin.py:115} INFO - [2024-08-09 19:46:28,308] {manager.py:508} INFO - Created Permission View: can read on DAG:hello_world_dag
[2024-08-09 19:46:28,308] {logging_mixin.py:115} INFO - [2024-08-09 19:46:28,308] {dag.py:2371} INFO - Sync 1 DAGs
[2024-08-09 19:46:28,315] {logging_mixin.py:115} INFO - [2024-08-09 19:46:28,315] {dag.py:2390} INFO - Creating ORM DAG for hello_world_dag
[2024-08-09 19:46:28,326] {logging_mixin.py:115} INFO - [2024-08-09 19:46:28,326] {dag.py:2919} INFO - Setting next_dagrun for hello_world_dag to 2023-01-01T00:00:00+00:00, run_after=2023-01-02T00:00:00+00:00
[2024-08-09 19:46:28,336] {processor.py:161} INFO - Processing /opt/airflow/dags/hello-world.py took 0.172 seconds
[2024-08-09 19:46:59,317] {processor.py:153} INFO - Started process (PID=35) to work on /opt/airflow/dags/hello-world.py
[2024-08-09 19:46:59,323] {processor.py:641} INFO - Processing file /opt/airflow/dags/hello-world.py for tasks to queue
[2024-08-09 19:46:59,324] {logging_mixin.py:115} INFO - [2024-08-09 19:46:59,324] {dagbag.py:507} INFO - Filling up the DagBag from /opt/airflow/dags/hello-world.py
[2024-08-09 19:46:59,329] {processor.py:651} INFO - DAG(s) dict_keys(['hello_world_dag']) retrieved from /opt/airflow/dags/hello-world.py
[2024-08-09 19:46:59,345] {logging_mixin.py:115} INFO - [2024-08-09 19:46:59,345] {dag.py:2371} INFO - Sync 1 DAGs
[2024-08-09 19:46:59,367] {logging_mixin.py:115} INFO - [2024-08-09 19:46:59,367] {dag.py:2919} INFO - Setting next_dagrun for hello_world_dag to 2023-01-01T00:00:00+00:00, run_after=2023-01-02T00:00:00+00:00
[2024-08-09 19:46:59,375] {processor.py:161} INFO - Processing /opt/airflow/dags/hello-world.py took 0.060 seconds
[2024-08-09 19:47:29,459] {processor.py:153} INFO - Started process (PID=37) to work on /opt/airflow/dags/hello-world.py
[2024-08-09 19:47:29,466] {processor.py:641} INFO - Processing file /opt/airflow/dags/hello-world.py for tasks to queue
[2024-08-09 19:47:29,467] {logging_mixin.py:115} INFO - [2024-08-09 19:47:29,467] {dagbag.py:507} INFO - Filling up the DagBag from /opt/airflow/dags/hello-world.py
[2024-08-09 19:47:29,484] {processor.py:651} INFO - DAG(s) dict_keys(['hello_world_dag']) retrieved from /opt/airflow/dags/hello-world.py
[2024-08-09 19:47:29,508] {logging_mixin.py:115} INFO - [2024-08-09 19:47:29,508] {dag.py:2371} INFO - Sync 1 DAGs
[2024-08-09 19:47:29,530] {logging_mixin.py:115} INFO - [2024-08-09 19:47:29,530] {dag.py:2919} INFO - Setting next_dagrun for hello_world_dag to 2023-01-01T00:00:00+00:00, run_after=2023-01-02T00:00:00+00:00
[2024-08-09 19:47:29,539] {processor.py:161} INFO - Processing /opt/airflow/dags/hello-world.py took 0.088 seconds
[2024-08-09 19:47:59,582] {processor.py:153} INFO - Started process (PID=79) to work on /opt/airflow/dags/hello-world.py
[2024-08-09 19:47:59,582] {processor.py:641} INFO - Processing file /opt/airflow/dags/hello-world.py for tasks to queue
[2024-08-09 19:47:59,582] {logging_mixin.py:115} INFO - [2024-08-09 19:47:59,582] {dagbag.py:507} INFO - Filling up the DagBag from /opt/airflow/dags/hello-world.py
[2024-08-09 19:47:59,588] {processor.py:651} INFO - DAG(s) dict_keys(['hello_world_dag']) retrieved from /opt/airflow/dags/hello-world.py
[2024-08-09 19:47:59,606] {logging_mixin.py:115} INFO - [2024-08-09 19:47:59,606] {dag.py:2371} INFO - Sync 1 DAGs
[2024-08-09 19:47:59,626] {logging_mixin.py:115} INFO - [2024-08-09 19:47:59,626] {dag.py:2919} INFO - Setting next_dagrun for hello_world_dag to 2023-01-10T00:00:00+00:00, run_after=2023-01-11T00:00:00+00:00
[2024-08-09 19:47:59,635] {processor.py:161} INFO - Processing /opt/airflow/dags/hello-world.py took 0.055 seconds
[2024-08-09 19:48:29,658] {processor.py:153} INFO - Started process (PID=141) to work on /opt/airflow/dags/hello-world.py
[2024-08-09 19:48:29,664] {processor.py:641} INFO - Processing file /opt/airflow/dags/hello-world.py for tasks to queue
[2024-08-09 19:48:29,665] {logging_mixin.py:115} INFO - [2024-08-09 19:48:29,665] {dagbag.py:507} INFO - Filling up the DagBag from /opt/airflow/dags/hello-world.py
[2024-08-09 19:48:29,673] {processor.py:651} INFO - DAG(s) dict_keys(['hello_world_dag']) retrieved from /opt/airflow/dags/hello-world.py
[2024-08-09 19:48:29,697] {logging_mixin.py:115} INFO - [2024-08-09 19:48:29,697] {dag.py:2371} INFO - Sync 1 DAGs
[2024-08-09 19:48:29,721] {logging_mixin.py:115} INFO - [2024-08-09 19:48:29,721] {dag.py:2919} INFO - Setting next_dagrun for hello_world_dag to 2023-01-25T00:00:00+00:00, run_after=2023-01-26T00:00:00+00:00
[2024-08-09 19:48:29,730] {processor.py:161} INFO - Processing /opt/airflow/dags/hello-world.py took 0.075 seconds
[2024-08-09 19:48:59,799] {processor.py:153} INFO - Started process (PID=199) to work on /opt/airflow/dags/hello-world.py
[2024-08-09 19:48:59,806] {processor.py:641} INFO - Processing file /opt/airflow/dags/hello-world.py for tasks to queue
[2024-08-09 19:48:59,808] {logging_mixin.py:115} INFO - [2024-08-09 19:48:59,808] {dagbag.py:507} INFO - Filling up the DagBag from /opt/airflow/dags/hello-world.py
[2024-08-09 19:48:59,826] {processor.py:651} INFO - DAG(s) dict_keys(['hello_world_dag']) retrieved from /opt/airflow/dags/hello-world.py
[2024-08-09 19:48:59,850] {logging_mixin.py:115} INFO - [2024-08-09 19:48:59,850] {dag.py:2371} INFO - Sync 1 DAGs
[2024-08-09 19:48:59,870] {logging_mixin.py:115} INFO - [2024-08-09 19:48:59,870] {dag.py:2919} INFO - Setting next_dagrun for hello_world_dag to 2023-02-08T00:00:00+00:00, run_after=2023-02-09T00:00:00+00:00
[2024-08-09 19:48:59,879] {processor.py:161} INFO - Processing /opt/airflow/dags/hello-world.py took 0.089 seconds
[2024-08-09 19:49:30,862] {processor.py:153} INFO - Started process (PID=260) to work on /opt/airflow/dags/hello-world.py
[2024-08-09 19:49:30,869] {processor.py:641} INFO - Processing file /opt/airflow/dags/hello-world.py for tasks to queue
[2024-08-09 19:49:30,869] {logging_mixin.py:115} INFO - [2024-08-09 19:49:30,869] {dagbag.py:507} INFO - Filling up the DagBag from /opt/airflow/dags/hello-world.py
[2024-08-09 19:49:30,875] {processor.py:651} INFO - DAG(s) dict_keys(['hello_world_dag']) retrieved from /opt/airflow/dags/hello-world.py
[2024-08-09 19:49:30,895] {logging_mixin.py:115} INFO - [2024-08-09 19:49:30,895] {dag.py:2371} INFO - Sync 1 DAGs
[2024-08-09 19:49:30,921] {logging_mixin.py:115} INFO - [2024-08-09 19:49:30,920] {dag.py:2919} INFO - Setting next_dagrun for hello_world_dag to 2023-02-23T00:00:00+00:00, run_after=2023-02-24T00:00:00+00:00
[2024-08-09 19:49:30,933] {processor.py:161} INFO - Processing /opt/airflow/dags/hello-world.py took 0.072 seconds
[2024-08-09 19:50:00,985] {processor.py:153} INFO - Started process (PID=318) to work on /opt/airflow/dags/hello-world.py
[2024-08-09 19:50:00,991] {processor.py:641} INFO - Processing file /opt/airflow/dags/hello-world.py for tasks to queue
[2024-08-09 19:50:00,991] {logging_mixin.py:115} INFO - [2024-08-09 19:50:00,991] {dagbag.py:507} INFO - Filling up the DagBag from /opt/airflow/dags/hello-world.py
[2024-08-09 19:50:00,997] {processor.py:651} INFO - DAG(s) dict_keys(['hello_world_dag']) retrieved from /opt/airflow/dags/hello-world.py
[2024-08-09 19:50:01,016] {logging_mixin.py:115} INFO - [2024-08-09 19:50:01,016] {dag.py:2371} INFO - Sync 1 DAGs
[2024-08-09 19:50:01,035] {logging_mixin.py:115} INFO - [2024-08-09 19:50:01,035] {dag.py:2919} INFO - Setting next_dagrun for hello_world_dag to 2023-03-09T00:00:00+00:00, run_after=2023-03-10T00:00:00+00:00
[2024-08-09 19:50:01,043] {processor.py:161} INFO - Processing /opt/airflow/dags/hello-world.py took 0.061 seconds
[2024-08-09 19:50:31,094] {processor.py:153} INFO - Started process (PID=384) to work on /opt/airflow/dags/hello-world.py
[2024-08-09 19:50:31,094] {processor.py:641} INFO - Processing file /opt/airflow/dags/hello-world.py for tasks to queue
[2024-08-09 19:50:31,094] {logging_mixin.py:115} INFO - [2024-08-09 19:50:31,094] {dagbag.py:507} INFO - Filling up the DagBag from /opt/airflow/dags/hello-world.py
[2024-08-09 19:50:31,101] {processor.py:651} INFO - DAG(s) dict_keys(['hello_world_dag']) retrieved from /opt/airflow/dags/hello-world.py
[2024-08-09 19:50:31,118] {logging_mixin.py:115} INFO - [2024-08-09 19:50:31,118] {dag.py:2371} INFO - Sync 1 DAGs
[2024-08-09 19:50:31,137] {logging_mixin.py:115} INFO - [2024-08-09 19:50:31,137] {dag.py:2919} INFO - Setting next_dagrun for hello_world_dag to 2023-03-25T00:00:00+00:00, run_after=2023-03-26T00:00:00+00:00
[2024-08-09 19:50:31,145] {processor.py:161} INFO - Processing /opt/airflow/dags/hello-world.py took 0.053 seconds
[2024-08-09 20:01:20,437] {processor.py:153} INFO - Started process (PID=30) to work on /opt/airflow/dags/hello-world.py
[2024-08-09 20:01:20,437] {processor.py:641} INFO - Processing file /opt/airflow/dags/hello-world.py for tasks to queue
[2024-08-09 20:01:20,438] {logging_mixin.py:115} INFO - [2024-08-09 20:01:20,438] {dagbag.py:507} INFO - Filling up the DagBag from /opt/airflow/dags/hello-world.py
[2024-08-09 20:01:20,454] {processor.py:651} INFO - DAG(s) dict_keys(['hello_world_dag']) retrieved from /opt/airflow/dags/hello-world.py
[2024-08-09 20:01:20,574] {logging_mixin.py:115} INFO - [2024-08-09 20:01:20,574] {manager.py:508} INFO - Created Permission View: can edit on DAG:hello_world_dag
[2024-08-09 20:01:20,585] {logging_mixin.py:115} INFO - [2024-08-09 20:01:20,585] {manager.py:508} INFO - Created Permission View: can read on DAG:hello_world_dag
[2024-08-09 20:01:20,593] {logging_mixin.py:115} INFO - [2024-08-09 20:01:20,593] {manager.py:508} INFO - Created Permission View: can delete on DAG:hello_world_dag
[2024-08-09 20:01:20,593] {logging_mixin.py:115} INFO - [2024-08-09 20:01:20,593] {dag.py:2371} INFO - Sync 1 DAGs
[2024-08-09 20:01:20,605] {logging_mixin.py:115} INFO - [2024-08-09 20:01:20,605] {dag.py:2390} INFO - Creating ORM DAG for hello_world_dag
[2024-08-09 20:01:20,622] {logging_mixin.py:115} INFO - [2024-08-09 20:01:20,622] {dag.py:2919} INFO - Setting next_dagrun for hello_world_dag to 2023-01-01T00:00:00+00:00, run_after=2023-01-02T00:00:00+00:00
[2024-08-09 20:01:20,638] {processor.py:161} INFO - Processing /opt/airflow/dags/hello-world.py took 0.205 seconds
[2024-08-09 20:01:50,725] {processor.py:153} INFO - Started process (PID=33) to work on /opt/airflow/dags/hello-world.py
[2024-08-09 20:01:50,725] {processor.py:641} INFO - Processing file /opt/airflow/dags/hello-world.py for tasks to queue
[2024-08-09 20:01:50,725] {logging_mixin.py:115} INFO - [2024-08-09 20:01:50,725] {dagbag.py:507} INFO - Filling up the DagBag from /opt/airflow/dags/hello-world.py
[2024-08-09 20:01:50,730] {processor.py:651} INFO - DAG(s) dict_keys(['hello_world_dag']) retrieved from /opt/airflow/dags/hello-world.py
[2024-08-09 20:01:50,746] {logging_mixin.py:115} INFO - [2024-08-09 20:01:50,745] {dag.py:2371} INFO - Sync 1 DAGs
[2024-08-09 20:01:50,761] {logging_mixin.py:115} INFO - [2024-08-09 20:01:50,761] {dag.py:2919} INFO - Setting next_dagrun for hello_world_dag to 2023-01-01T00:00:00+00:00, run_after=2023-01-02T00:00:00+00:00
[2024-08-09 20:01:50,769] {processor.py:161} INFO - Processing /opt/airflow/dags/hello-world.py took 0.046 seconds
[2024-08-09 20:02:20,851] {processor.py:153} INFO - Started process (PID=74) to work on /opt/airflow/dags/hello-world.py
[2024-08-09 20:02:20,852] {processor.py:641} INFO - Processing file /opt/airflow/dags/hello-world.py for tasks to queue
[2024-08-09 20:02:20,852] {logging_mixin.py:115} INFO - [2024-08-09 20:02:20,852] {dagbag.py:507} INFO - Filling up the DagBag from /opt/airflow/dags/hello-world.py
[2024-08-09 20:02:20,862] {processor.py:651} INFO - DAG(s) dict_keys(['hello_world_dag']) retrieved from /opt/airflow/dags/hello-world.py
[2024-08-09 20:02:20,890] {logging_mixin.py:115} INFO - [2024-08-09 20:02:20,890] {dag.py:2371} INFO - Sync 1 DAGs
[2024-08-09 20:02:20,919] {logging_mixin.py:115} INFO - [2024-08-09 20:02:20,919] {dag.py:2919} INFO - Setting next_dagrun for hello_world_dag to 2023-01-01T00:00:00+00:00, run_after=2023-01-02T00:00:00+00:00
[2024-08-09 20:02:20,932] {processor.py:161} INFO - Processing /opt/airflow/dags/hello-world.py took 0.083 seconds
[2024-08-09 20:02:51,031] {processor.py:153} INFO - Started process (PID=101) to work on /opt/airflow/dags/hello-world.py
[2024-08-09 20:02:51,037] {processor.py:641} INFO - Processing file /opt/airflow/dags/hello-world.py for tasks to queue
[2024-08-09 20:02:51,038] {logging_mixin.py:115} INFO - [2024-08-09 20:02:51,038] {dagbag.py:507} INFO - Filling up the DagBag from /opt/airflow/dags/hello-world.py
[2024-08-09 20:02:51,047] {processor.py:651} INFO - DAG(s) dict_keys(['hello_world_dag']) retrieved from /opt/airflow/dags/hello-world.py
[2024-08-09 20:02:51,069] {logging_mixin.py:115} INFO - [2024-08-09 20:02:51,069] {dag.py:2371} INFO - Sync 1 DAGs
[2024-08-09 20:02:51,091] {logging_mixin.py:115} INFO - [2024-08-09 20:02:51,091] {dag.py:2919} INFO - Setting next_dagrun for hello_world_dag to 2023-01-01T00:00:00+00:00, run_after=2023-01-02T00:00:00+00:00
[2024-08-09 20:02:51,101] {processor.py:161} INFO - Processing /opt/airflow/dags/hello-world.py took 0.076 seconds
[2024-08-09 20:03:21,194] {processor.py:153} INFO - Started process (PID=103) to work on /opt/airflow/dags/hello-world.py
[2024-08-09 20:03:21,200] {processor.py:641} INFO - Processing file /opt/airflow/dags/hello-world.py for tasks to queue
[2024-08-09 20:03:21,200] {logging_mixin.py:115} INFO - [2024-08-09 20:03:21,200] {dagbag.py:507} INFO - Filling up the DagBag from /opt/airflow/dags/hello-world.py
[2024-08-09 20:03:21,206] {processor.py:651} INFO - DAG(s) dict_keys(['hello_world_dag']) retrieved from /opt/airflow/dags/hello-world.py
[2024-08-09 20:03:21,222] {logging_mixin.py:115} INFO - [2024-08-09 20:03:21,222] {dag.py:2371} INFO - Sync 1 DAGs
[2024-08-09 20:03:21,237] {logging_mixin.py:115} INFO - [2024-08-09 20:03:21,237] {dag.py:2919} INFO - Setting next_dagrun for hello_world_dag to 2023-01-01T00:00:00+00:00, run_after=2023-01-02T00:00:00+00:00
[2024-08-09 20:03:21,244] {processor.py:161} INFO - Processing /opt/airflow/dags/hello-world.py took 0.052 seconds
[2024-08-09 20:03:51,330] {processor.py:153} INFO - Started process (PID=105) to work on /opt/airflow/dags/hello-world.py
[2024-08-09 20:03:51,337] {processor.py:641} INFO - Processing file /opt/airflow/dags/hello-world.py for tasks to queue
[2024-08-09 20:03:51,337] {logging_mixin.py:115} INFO - [2024-08-09 20:03:51,337] {dagbag.py:507} INFO - Filling up the DagBag from /opt/airflow/dags/hello-world.py
[2024-08-09 20:03:51,344] {processor.py:651} INFO - DAG(s) dict_keys(['hello_world_dag']) retrieved from /opt/airflow/dags/hello-world.py
[2024-08-09 20:03:51,370] {logging_mixin.py:115} INFO - [2024-08-09 20:03:51,370] {dag.py:2371} INFO - Sync 1 DAGs
[2024-08-09 20:03:51,396] {logging_mixin.py:115} INFO - [2024-08-09 20:03:51,396] {dag.py:2919} INFO - Setting next_dagrun for hello_world_dag to 2023-01-01T00:00:00+00:00, run_after=2023-01-02T00:00:00+00:00
[2024-08-09 20:03:51,406] {processor.py:161} INFO - Processing /opt/airflow/dags/hello-world.py took 0.078 seconds
[2024-08-09 20:04:21,503] {processor.py:153} INFO - Started process (PID=107) to work on /opt/airflow/dags/hello-world.py
[2024-08-09 20:04:21,504] {processor.py:641} INFO - Processing file /opt/airflow/dags/hello-world.py for tasks to queue
[2024-08-09 20:04:21,504] {logging_mixin.py:115} INFO - [2024-08-09 20:04:21,504] {dagbag.py:507} INFO - Filling up the DagBag from /opt/airflow/dags/hello-world.py
[2024-08-09 20:04:21,512] {processor.py:651} INFO - DAG(s) dict_keys(['hello_world_dag']) retrieved from /opt/airflow/dags/hello-world.py
[2024-08-09 20:04:21,539] {logging_mixin.py:115} INFO - [2024-08-09 20:04:21,539] {dag.py:2371} INFO - Sync 1 DAGs
[2024-08-09 20:04:21,570] {logging_mixin.py:115} INFO - [2024-08-09 20:04:21,570] {dag.py:2919} INFO - Setting next_dagrun for hello_world_dag to 2023-01-01T00:00:00+00:00, run_after=2023-01-02T00:00:00+00:00
[2024-08-09 20:04:21,585] {processor.py:161} INFO - Processing /opt/airflow/dags/hello-world.py took 0.086 seconds
[2024-08-09 20:04:51,695] {processor.py:153} INFO - Started process (PID=109) to work on /opt/airflow/dags/hello-world.py
[2024-08-09 20:04:51,697] {processor.py:641} INFO - Processing file /opt/airflow/dags/hello-world.py for tasks to queue
[2024-08-09 20:04:51,699] {logging_mixin.py:115} INFO - [2024-08-09 20:04:51,699] {dagbag.py:507} INFO - Filling up the DagBag from /opt/airflow/dags/hello-world.py
[2024-08-09 20:04:51,715] {processor.py:651} INFO - DAG(s) dict_keys(['hello_world_dag']) retrieved from /opt/airflow/dags/hello-world.py
[2024-08-09 20:04:51,741] {logging_mixin.py:115} INFO - [2024-08-09 20:04:51,741] {dag.py:2371} INFO - Sync 1 DAGs
[2024-08-09 20:04:51,765] {logging_mixin.py:115} INFO - [2024-08-09 20:04:51,764] {dag.py:2919} INFO - Setting next_dagrun for hello_world_dag to 2023-01-01T00:00:00+00:00, run_after=2023-01-02T00:00:00+00:00
[2024-08-09 20:04:51,774] {processor.py:161} INFO - Processing /opt/airflow/dags/hello-world.py took 0.087 seconds
[2024-08-09 20:06:21,636] {processor.py:153} INFO - Started process (PID=32) to work on /opt/airflow/dags/hello-world.py
[2024-08-09 20:06:21,637] {processor.py:641} INFO - Processing file /opt/airflow/dags/hello-world.py for tasks to queue
[2024-08-09 20:06:21,637] {logging_mixin.py:115} INFO - [2024-08-09 20:06:21,637] {dagbag.py:507} INFO - Filling up the DagBag from /opt/airflow/dags/hello-world.py
[2024-08-09 20:06:21,643] {processor.py:651} INFO - DAG(s) dict_keys(['hello_world_dag']) retrieved from /opt/airflow/dags/hello-world.py
[2024-08-09 20:06:21,668] {logging_mixin.py:115} INFO - [2024-08-09 20:06:21,668] {dag.py:2371} INFO - Sync 1 DAGs
[2024-08-09 20:06:21,695] {logging_mixin.py:115} INFO - [2024-08-09 20:06:21,695] {dag.py:2919} INFO - Setting next_dagrun for hello_world_dag to 2023-01-01T00:00:00+00:00, run_after=2023-01-02T00:00:00+00:00
[2024-08-09 20:06:21,706] {processor.py:161} INFO - Processing /opt/airflow/dags/hello-world.py took 0.072 seconds
[2024-08-09 20:06:51,786] {processor.py:153} INFO - Started process (PID=34) to work on /opt/airflow/dags/hello-world.py
[2024-08-09 20:06:51,786] {processor.py:641} INFO - Processing file /opt/airflow/dags/hello-world.py for tasks to queue
[2024-08-09 20:06:51,786] {logging_mixin.py:115} INFO - [2024-08-09 20:06:51,786] {dagbag.py:507} INFO - Filling up the DagBag from /opt/airflow/dags/hello-world.py
[2024-08-09 20:06:51,792] {processor.py:651} INFO - DAG(s) dict_keys(['hello_world_dag']) retrieved from /opt/airflow/dags/hello-world.py
[2024-08-09 20:06:51,811] {logging_mixin.py:115} INFO - [2024-08-09 20:06:51,811] {dag.py:2371} INFO - Sync 1 DAGs
[2024-08-09 20:06:51,831] {logging_mixin.py:115} INFO - [2024-08-09 20:06:51,831] {dag.py:2919} INFO - Setting next_dagrun for hello_world_dag to 2023-01-01T00:00:00+00:00, run_after=2023-01-02T00:00:00+00:00
[2024-08-09 20:06:51,839] {processor.py:161} INFO - Processing /opt/airflow/dags/hello-world.py took 0.056 seconds
[2024-08-09 20:10:55,718] {processor.py:153} INFO - Started process (PID=31) to work on /opt/airflow/dags/hello-world.py
[2024-08-09 20:10:55,721] {processor.py:641} INFO - Processing file /opt/airflow/dags/hello-world.py for tasks to queue
[2024-08-09 20:10:55,722] {logging_mixin.py:115} INFO - [2024-08-09 20:10:55,722] {dagbag.py:507} INFO - Filling up the DagBag from /opt/airflow/dags/hello-world.py
[2024-08-09 20:10:55,737] {processor.py:651} INFO - DAG(s) dict_keys(['hello_world_dag']) retrieved from /opt/airflow/dags/hello-world.py
[2024-08-09 20:10:55,774] {logging_mixin.py:115} INFO - [2024-08-09 20:10:55,774] {dag.py:2371} INFO - Sync 1 DAGs
[2024-08-09 20:10:55,804] {logging_mixin.py:115} INFO - [2024-08-09 20:10:55,804] {dag.py:2919} INFO - Setting next_dagrun for hello_world_dag to 2023-01-01T00:00:00+00:00, run_after=2023-01-02T00:00:00+00:00
[2024-08-09 20:10:55,813] {processor.py:161} INFO - Processing /opt/airflow/dags/hello-world.py took 0.099 seconds
[2024-08-09 20:11:25,909] {processor.py:153} INFO - Started process (PID=33) to work on /opt/airflow/dags/hello-world.py
[2024-08-09 20:11:25,912] {processor.py:641} INFO - Processing file /opt/airflow/dags/hello-world.py for tasks to queue
[2024-08-09 20:11:25,912] {logging_mixin.py:115} INFO - [2024-08-09 20:11:25,912] {dagbag.py:507} INFO - Filling up the DagBag from /opt/airflow/dags/hello-world.py
[2024-08-09 20:11:25,918] {processor.py:651} INFO - DAG(s) dict_keys(['hello_world_dag']) retrieved from /opt/airflow/dags/hello-world.py
[2024-08-09 20:11:25,936] {logging_mixin.py:115} INFO - [2024-08-09 20:11:25,936] {dag.py:2371} INFO - Sync 1 DAGs
[2024-08-09 20:11:25,955] {logging_mixin.py:115} INFO - [2024-08-09 20:11:25,955] {dag.py:2919} INFO - Setting next_dagrun for hello_world_dag to 2023-01-01T00:00:00+00:00, run_after=2023-01-02T00:00:00+00:00
[2024-08-09 20:11:25,963] {processor.py:161} INFO - Processing /opt/airflow/dags/hello-world.py took 0.057 seconds
[2024-08-09 20:11:56,076] {processor.py:153} INFO - Started process (PID=35) to work on /opt/airflow/dags/hello-world.py
[2024-08-09 20:11:56,083] {processor.py:641} INFO - Processing file /opt/airflow/dags/hello-world.py for tasks to queue
[2024-08-09 20:11:56,085] {logging_mixin.py:115} INFO - [2024-08-09 20:11:56,084] {dagbag.py:507} INFO - Filling up the DagBag from /opt/airflow/dags/hello-world.py
[2024-08-09 20:11:56,102] {processor.py:651} INFO - DAG(s) dict_keys(['hello_world_dag']) retrieved from /opt/airflow/dags/hello-world.py
[2024-08-09 20:11:56,124] {logging_mixin.py:115} INFO - [2024-08-09 20:11:56,124] {dag.py:2371} INFO - Sync 1 DAGs
[2024-08-09 20:11:56,142] {logging_mixin.py:115} INFO - [2024-08-09 20:11:56,142] {dag.py:2919} INFO - Setting next_dagrun for hello_world_dag to 2023-01-01T00:00:00+00:00, run_after=2023-01-02T00:00:00+00:00
[2024-08-09 20:11:56,150] {processor.py:161} INFO - Processing /opt/airflow/dags/hello-world.py took 0.082 seconds
[2024-08-09 20:12:26,241] {processor.py:153} INFO - Started process (PID=37) to work on /opt/airflow/dags/hello-world.py
[2024-08-09 20:12:26,247] {processor.py:641} INFO - Processing file /opt/airflow/dags/hello-world.py for tasks to queue
[2024-08-09 20:12:26,248] {logging_mixin.py:115} INFO - [2024-08-09 20:12:26,248] {dagbag.py:507} INFO - Filling up the DagBag from /opt/airflow/dags/hello-world.py
[2024-08-09 20:12:26,255] {processor.py:651} INFO - DAG(s) dict_keys(['hello_world_dag']) retrieved from /opt/airflow/dags/hello-world.py
[2024-08-09 20:12:26,277] {logging_mixin.py:115} INFO - [2024-08-09 20:12:26,277] {dag.py:2371} INFO - Sync 1 DAGs
[2024-08-09 20:12:26,300] {logging_mixin.py:115} INFO - [2024-08-09 20:12:26,300] {dag.py:2919} INFO - Setting next_dagrun for hello_world_dag to 2023-01-01T00:00:00+00:00, run_after=2023-01-02T00:00:00+00:00
[2024-08-09 20:12:26,308] {processor.py:161} INFO - Processing /opt/airflow/dags/hello-world.py took 0.070 seconds
[2024-08-09 20:12:56,419] {processor.py:153} INFO - Started process (PID=39) to work on /opt/airflow/dags/hello-world.py
[2024-08-09 20:12:56,426] {processor.py:641} INFO - Processing file /opt/airflow/dags/hello-world.py for tasks to queue
[2024-08-09 20:12:56,428] {logging_mixin.py:115} INFO - [2024-08-09 20:12:56,427] {dagbag.py:507} INFO - Filling up the DagBag from /opt/airflow/dags/hello-world.py
[2024-08-09 20:12:56,447] {processor.py:651} INFO - DAG(s) dict_keys(['hello_world_dag']) retrieved from /opt/airflow/dags/hello-world.py
[2024-08-09 20:12:56,472] {logging_mixin.py:115} INFO - [2024-08-09 20:12:56,472] {dag.py:2371} INFO - Sync 1 DAGs
[2024-08-09 20:12:56,492] {logging_mixin.py:115} INFO - [2024-08-09 20:12:56,492] {dag.py:2919} INFO - Setting next_dagrun for hello_world_dag to 2023-01-01T00:00:00+00:00, run_after=2023-01-02T00:00:00+00:00
[2024-08-09 20:12:56,500] {processor.py:161} INFO - Processing /opt/airflow/dags/hello-world.py took 0.088 seconds
[2024-08-09 20:13:26,584] {processor.py:153} INFO - Started process (PID=45) to work on /opt/airflow/dags/hello-world.py
[2024-08-09 20:13:26,591] {processor.py:641} INFO - Processing file /opt/airflow/dags/hello-world.py for tasks to queue
[2024-08-09 20:13:26,592] {logging_mixin.py:115} INFO - [2024-08-09 20:13:26,592] {dagbag.py:507} INFO - Filling up the DagBag from /opt/airflow/dags/hello-world.py
[2024-08-09 20:13:26,599] {processor.py:651} INFO - DAG(s) dict_keys(['hello_world_dag']) retrieved from /opt/airflow/dags/hello-world.py
[2024-08-09 20:13:26,629] {logging_mixin.py:115} INFO - [2024-08-09 20:13:26,629] {dag.py:2371} INFO - Sync 1 DAGs
[2024-08-09 20:13:26,653] {logging_mixin.py:115} INFO - [2024-08-09 20:13:26,653] {dag.py:2919} INFO - Setting next_dagrun for hello_world_dag to 2023-01-01T00:00:00+00:00, run_after=2023-01-02T00:00:00+00:00
[2024-08-09 20:13:26,665] {processor.py:161} INFO - Processing /opt/airflow/dags/hello-world.py took 0.085 seconds
[2024-08-09 20:13:56,784] {processor.py:153} INFO - Started process (PID=47) to work on /opt/airflow/dags/hello-world.py
[2024-08-09 20:13:56,791] {processor.py:641} INFO - Processing file /opt/airflow/dags/hello-world.py for tasks to queue
[2024-08-09 20:13:56,792] {logging_mixin.py:115} INFO - [2024-08-09 20:13:56,792] {dagbag.py:507} INFO - Filling up the DagBag from /opt/airflow/dags/hello-world.py
[2024-08-09 20:13:56,805] {processor.py:651} INFO - DAG(s) dict_keys(['hello_world_dag']) retrieved from /opt/airflow/dags/hello-world.py
[2024-08-09 20:13:56,849] {logging_mixin.py:115} INFO - [2024-08-09 20:13:56,849] {dag.py:2371} INFO - Sync 1 DAGs
[2024-08-09 20:13:56,905] {logging_mixin.py:115} INFO - [2024-08-09 20:13:56,905] {dag.py:2919} INFO - Setting next_dagrun for hello_world_dag to 2023-01-01T00:00:00+00:00, run_after=2023-01-02T00:00:00+00:00
[2024-08-09 20:13:56,938] {processor.py:161} INFO - Processing /opt/airflow/dags/hello-world.py took 0.160 seconds
[2024-08-09 20:14:27,053] {processor.py:153} INFO - Started process (PID=49) to work on /opt/airflow/dags/hello-world.py
[2024-08-09 20:14:27,061] {processor.py:641} INFO - Processing file /opt/airflow/dags/hello-world.py for tasks to queue
[2024-08-09 20:14:27,062] {logging_mixin.py:115} INFO - [2024-08-09 20:14:27,062] {dagbag.py:507} INFO - Filling up the DagBag from /opt/airflow/dags/hello-world.py
[2024-08-09 20:14:27,081] {processor.py:651} INFO - DAG(s) dict_keys(['hello_world_dag']) retrieved from /opt/airflow/dags/hello-world.py
[2024-08-09 20:14:27,110] {logging_mixin.py:115} INFO - [2024-08-09 20:14:27,110] {dag.py:2371} INFO - Sync 1 DAGs
[2024-08-09 20:14:27,134] {logging_mixin.py:115} INFO - [2024-08-09 20:14:27,134] {dag.py:2919} INFO - Setting next_dagrun for hello_world_dag to 2023-01-01T00:00:00+00:00, run_after=2023-01-02T00:00:00+00:00
[2024-08-09 20:14:27,142] {processor.py:161} INFO - Processing /opt/airflow/dags/hello-world.py took 0.096 seconds
[2024-08-09 20:14:57,236] {processor.py:153} INFO - Started process (PID=51) to work on /opt/airflow/dags/hello-world.py
[2024-08-09 20:14:57,237] {processor.py:641} INFO - Processing file /opt/airflow/dags/hello-world.py for tasks to queue
[2024-08-09 20:14:57,237] {logging_mixin.py:115} INFO - [2024-08-09 20:14:57,237] {dagbag.py:507} INFO - Filling up the DagBag from /opt/airflow/dags/hello-world.py
[2024-08-09 20:14:57,244] {processor.py:651} INFO - DAG(s) dict_keys(['hello_world_dag']) retrieved from /opt/airflow/dags/hello-world.py
[2024-08-09 20:14:57,266] {logging_mixin.py:115} INFO - [2024-08-09 20:14:57,266] {dag.py:2371} INFO - Sync 1 DAGs
[2024-08-09 20:14:57,287] {logging_mixin.py:115} INFO - [2024-08-09 20:14:57,287] {dag.py:2919} INFO - Setting next_dagrun for hello_world_dag to 2023-01-01T00:00:00+00:00, run_after=2023-01-02T00:00:00+00:00
[2024-08-09 20:14:57,297] {processor.py:161} INFO - Processing /opt/airflow/dags/hello-world.py took 0.064 seconds
[2024-08-09 20:15:27,390] {processor.py:153} INFO - Started process (PID=53) to work on /opt/airflow/dags/hello-world.py
[2024-08-09 20:15:27,397] {processor.py:641} INFO - Processing file /opt/airflow/dags/hello-world.py for tasks to queue
[2024-08-09 20:15:27,398] {logging_mixin.py:115} INFO - [2024-08-09 20:15:27,398] {dagbag.py:507} INFO - Filling up the DagBag from /opt/airflow/dags/hello-world.py
[2024-08-09 20:15:27,405] {processor.py:651} INFO - DAG(s) dict_keys(['hello_world_dag']) retrieved from /opt/airflow/dags/hello-world.py
[2024-08-09 20:15:27,429] {logging_mixin.py:115} INFO - [2024-08-09 20:15:27,429] {dag.py:2371} INFO - Sync 1 DAGs
[2024-08-09 20:15:27,456] {logging_mixin.py:115} INFO - [2024-08-09 20:15:27,456] {dag.py:2919} INFO - Setting next_dagrun for hello_world_dag to 2023-01-01T00:00:00+00:00, run_after=2023-01-02T00:00:00+00:00
[2024-08-09 20:15:27,467] {processor.py:161} INFO - Processing /opt/airflow/dags/hello-world.py took 0.080 seconds
[2024-08-09 20:15:57,572] {processor.py:153} INFO - Started process (PID=55) to work on /opt/airflow/dags/hello-world.py
[2024-08-09 20:15:57,573] {processor.py:641} INFO - Processing file /opt/airflow/dags/hello-world.py for tasks to queue
[2024-08-09 20:15:57,573] {logging_mixin.py:115} INFO - [2024-08-09 20:15:57,573] {dagbag.py:507} INFO - Filling up the DagBag from /opt/airflow/dags/hello-world.py
[2024-08-09 20:15:57,581] {processor.py:651} INFO - DAG(s) dict_keys(['hello_world_dag']) retrieved from /opt/airflow/dags/hello-world.py
[2024-08-09 20:15:57,605] {logging_mixin.py:115} INFO - [2024-08-09 20:15:57,604] {dag.py:2371} INFO - Sync 1 DAGs
[2024-08-09 20:15:57,624] {logging_mixin.py:115} INFO - [2024-08-09 20:15:57,624] {dag.py:2919} INFO - Setting next_dagrun for hello_world_dag to 2023-01-01T00:00:00+00:00, run_after=2023-01-02T00:00:00+00:00
[2024-08-09 20:15:57,633] {processor.py:161} INFO - Processing /opt/airflow/dags/hello-world.py took 0.063 seconds
[2024-08-09 20:16:27,732] {processor.py:153} INFO - Started process (PID=57) to work on /opt/airflow/dags/hello-world.py
[2024-08-09 20:16:27,739] {processor.py:641} INFO - Processing file /opt/airflow/dags/hello-world.py for tasks to queue
[2024-08-09 20:16:27,740] {logging_mixin.py:115} INFO - [2024-08-09 20:16:27,740] {dagbag.py:507} INFO - Filling up the DagBag from /opt/airflow/dags/hello-world.py
[2024-08-09 20:16:27,747] {processor.py:651} INFO - DAG(s) dict_keys(['hello_world_dag']) retrieved from /opt/airflow/dags/hello-world.py
[2024-08-09 20:16:27,767] {logging_mixin.py:115} INFO - [2024-08-09 20:16:27,767] {dag.py:2371} INFO - Sync 1 DAGs
[2024-08-09 20:16:27,798] {logging_mixin.py:115} INFO - [2024-08-09 20:16:27,798] {dag.py:2919} INFO - Setting next_dagrun for hello_world_dag to 2023-01-01T00:00:00+00:00, run_after=2023-01-02T00:00:00+00:00
[2024-08-09 20:16:27,808] {processor.py:161} INFO - Processing /opt/airflow/dags/hello-world.py took 0.081 seconds
[2024-08-09 20:16:57,890] {processor.py:153} INFO - Started process (PID=59) to work on /opt/airflow/dags/hello-world.py
[2024-08-09 20:16:57,897] {processor.py:641} INFO - Processing file /opt/airflow/dags/hello-world.py for tasks to queue
[2024-08-09 20:16:57,898] {logging_mixin.py:115} INFO - [2024-08-09 20:16:57,898] {dagbag.py:507} INFO - Filling up the DagBag from /opt/airflow/dags/hello-world.py
[2024-08-09 20:16:57,911] {processor.py:651} INFO - DAG(s) dict_keys(['hello_world_dag']) retrieved from /opt/airflow/dags/hello-world.py
[2024-08-09 20:16:57,932] {logging_mixin.py:115} INFO - [2024-08-09 20:16:57,932] {dag.py:2371} INFO - Sync 1 DAGs
[2024-08-09 20:16:57,955] {logging_mixin.py:115} INFO - [2024-08-09 20:16:57,955] {dag.py:2919} INFO - Setting next_dagrun for hello_world_dag to 2023-01-01T00:00:00+00:00, run_after=2023-01-02T00:00:00+00:00
[2024-08-09 20:16:57,966] {processor.py:161} INFO - Processing /opt/airflow/dags/hello-world.py took 0.078 seconds
[2024-08-09 20:17:28,060] {processor.py:153} INFO - Started process (PID=61) to work on /opt/airflow/dags/hello-world.py
[2024-08-09 20:17:28,067] {processor.py:641} INFO - Processing file /opt/airflow/dags/hello-world.py for tasks to queue
[2024-08-09 20:17:28,067] {logging_mixin.py:115} INFO - [2024-08-09 20:17:28,067] {dagbag.py:507} INFO - Filling up the DagBag from /opt/airflow/dags/hello-world.py
[2024-08-09 20:17:28,076] {processor.py:651} INFO - DAG(s) dict_keys(['hello_world_dag']) retrieved from /opt/airflow/dags/hello-world.py
[2024-08-09 20:17:28,097] {logging_mixin.py:115} INFO - [2024-08-09 20:17:28,097] {dag.py:2371} INFO - Sync 1 DAGs
[2024-08-09 20:17:28,116] {logging_mixin.py:115} INFO - [2024-08-09 20:17:28,116] {dag.py:2919} INFO - Setting next_dagrun for hello_world_dag to 2023-01-01T00:00:00+00:00, run_after=2023-01-02T00:00:00+00:00
[2024-08-09 20:17:28,124] {processor.py:161} INFO - Processing /opt/airflow/dags/hello-world.py took 0.068 seconds
[2024-08-09 20:17:58,245] {processor.py:153} INFO - Started process (PID=63) to work on /opt/airflow/dags/hello-world.py
[2024-08-09 20:17:58,247] {processor.py:641} INFO - Processing file /opt/airflow/dags/hello-world.py for tasks to queue
[2024-08-09 20:17:58,248] {logging_mixin.py:115} INFO - [2024-08-09 20:17:58,248] {dagbag.py:507} INFO - Filling up the DagBag from /opt/airflow/dags/hello-world.py
[2024-08-09 20:17:58,264] {processor.py:651} INFO - DAG(s) dict_keys(['hello_world_dag']) retrieved from /opt/airflow/dags/hello-world.py
[2024-08-09 20:17:58,287] {logging_mixin.py:115} INFO - [2024-08-09 20:17:58,287] {dag.py:2371} INFO - Sync 1 DAGs
[2024-08-09 20:17:58,308] {logging_mixin.py:115} INFO - [2024-08-09 20:17:58,308] {dag.py:2919} INFO - Setting next_dagrun for hello_world_dag to 2023-01-01T00:00:00+00:00, run_after=2023-01-02T00:00:00+00:00
[2024-08-09 20:17:58,321] {processor.py:161} INFO - Processing /opt/airflow/dags/hello-world.py took 0.083 seconds
[2024-08-09 20:18:28,416] {processor.py:153} INFO - Started process (PID=69) to work on /opt/airflow/dags/hello-world.py
[2024-08-09 20:18:28,417] {processor.py:641} INFO - Processing file /opt/airflow/dags/hello-world.py for tasks to queue
[2024-08-09 20:18:28,418] {logging_mixin.py:115} INFO - [2024-08-09 20:18:28,418] {dagbag.py:507} INFO - Filling up the DagBag from /opt/airflow/dags/hello-world.py
[2024-08-09 20:18:28,426] {processor.py:651} INFO - DAG(s) dict_keys(['hello_world_dag']) retrieved from /opt/airflow/dags/hello-world.py
[2024-08-09 20:18:28,453] {logging_mixin.py:115} INFO - [2024-08-09 20:18:28,453] {dag.py:2371} INFO - Sync 1 DAGs
[2024-08-09 20:18:28,481] {logging_mixin.py:115} INFO - [2024-08-09 20:18:28,481] {dag.py:2919} INFO - Setting next_dagrun for hello_world_dag to 2023-01-01T00:00:00+00:00, run_after=2023-01-02T00:00:00+00:00
[2024-08-09 20:18:28,491] {processor.py:161} INFO - Processing /opt/airflow/dags/hello-world.py took 0.078 seconds
