[2024-08-09 19:46:28,176] {processor.py:153} INFO - Started process (PID=32) to work on /opt/airflow/dags/sup_court_graph_workflow.py
[2024-08-09 19:46:28,177] {processor.py:641} INFO - Processing file /opt/airflow/dags/sup_court_graph_workflow.py for tasks to queue
[2024-08-09 19:46:28,178] {logging_mixin.py:115} INFO - [2024-08-09 19:46:28,178] {dagbag.py:507} INFO - Filling up the DagBag from /opt/airflow/dags/sup_court_graph_workflow.py
[2024-08-09 19:46:28,185] {logging_mixin.py:115} INFO - [2024-08-09 19:46:28,184] {dagbag.py:320} ERROR - Failed to import: /opt/airflow/dags/sup_court_graph_workflow.py
Traceback (most recent call last):
  File "/home/airflow/.local/lib/python3.7/site-packages/airflow/models/dagbag.py", line 317, in parse
    loader.exec_module(new_module)
  File "<frozen importlib._bootstrap_external>", line 728, in exec_module
  File "<frozen importlib._bootstrap>", line 219, in _call_with_frames_removed
  File "/opt/airflow/dags/sup_court_graph_workflow.py", line 4, in <module>
    from neo4j import GraphDatabase
ModuleNotFoundError: No module named 'neo4j'
[2024-08-09 19:46:28,186] {processor.py:653} WARNING - No viable dags retrieved from /opt/airflow/dags/sup_court_graph_workflow.py
[2024-08-09 19:46:28,218] {processor.py:161} INFO - Processing /opt/airflow/dags/sup_court_graph_workflow.py took 0.046 seconds
[2024-08-09 19:46:58,311] {processor.py:153} INFO - Started process (PID=34) to work on /opt/airflow/dags/sup_court_graph_workflow.py
[2024-08-09 19:46:58,311] {processor.py:641} INFO - Processing file /opt/airflow/dags/sup_court_graph_workflow.py for tasks to queue
[2024-08-09 19:46:58,312] {logging_mixin.py:115} INFO - [2024-08-09 19:46:58,312] {dagbag.py:507} INFO - Filling up the DagBag from /opt/airflow/dags/sup_court_graph_workflow.py
[2024-08-09 19:46:58,317] {logging_mixin.py:115} INFO - [2024-08-09 19:46:58,316] {dagbag.py:320} ERROR - Failed to import: /opt/airflow/dags/sup_court_graph_workflow.py
Traceback (most recent call last):
  File "/home/airflow/.local/lib/python3.7/site-packages/airflow/models/dagbag.py", line 317, in parse
    loader.exec_module(new_module)
  File "<frozen importlib._bootstrap_external>", line 728, in exec_module
  File "<frozen importlib._bootstrap>", line 219, in _call_with_frames_removed
  File "/opt/airflow/dags/sup_court_graph_workflow.py", line 4, in <module>
    from neo4j import GraphDatabase
ModuleNotFoundError: No module named 'neo4j'
[2024-08-09 19:46:58,317] {processor.py:653} WARNING - No viable dags retrieved from /opt/airflow/dags/sup_court_graph_workflow.py
[2024-08-09 19:46:58,335] {processor.py:161} INFO - Processing /opt/airflow/dags/sup_court_graph_workflow.py took 0.026 seconds
[2024-08-09 19:47:28,427] {processor.py:153} INFO - Started process (PID=36) to work on /opt/airflow/dags/sup_court_graph_workflow.py
[2024-08-09 19:47:28,428] {processor.py:641} INFO - Processing file /opt/airflow/dags/sup_court_graph_workflow.py for tasks to queue
[2024-08-09 19:47:28,428] {logging_mixin.py:115} INFO - [2024-08-09 19:47:28,428] {dagbag.py:507} INFO - Filling up the DagBag from /opt/airflow/dags/sup_court_graph_workflow.py
[2024-08-09 19:47:28,435] {logging_mixin.py:115} INFO - [2024-08-09 19:47:28,434] {dagbag.py:320} ERROR - Failed to import: /opt/airflow/dags/sup_court_graph_workflow.py
Traceback (most recent call last):
  File "/home/airflow/.local/lib/python3.7/site-packages/airflow/models/dagbag.py", line 317, in parse
    loader.exec_module(new_module)
  File "<frozen importlib._bootstrap_external>", line 728, in exec_module
  File "<frozen importlib._bootstrap>", line 219, in _call_with_frames_removed
  File "/opt/airflow/dags/sup_court_graph_workflow.py", line 4, in <module>
    from neo4j import GraphDatabase
ModuleNotFoundError: No module named 'neo4j'
[2024-08-09 19:47:28,435] {processor.py:653} WARNING - No viable dags retrieved from /opt/airflow/dags/sup_court_graph_workflow.py
[2024-08-09 19:47:28,457] {processor.py:161} INFO - Processing /opt/airflow/dags/sup_court_graph_workflow.py took 0.032 seconds
[2024-08-09 19:47:58,540] {processor.py:153} INFO - Started process (PID=77) to work on /opt/airflow/dags/sup_court_graph_workflow.py
[2024-08-09 19:47:58,547] {processor.py:641} INFO - Processing file /opt/airflow/dags/sup_court_graph_workflow.py for tasks to queue
[2024-08-09 19:47:58,547] {logging_mixin.py:115} INFO - [2024-08-09 19:47:58,547] {dagbag.py:507} INFO - Filling up the DagBag from /opt/airflow/dags/sup_court_graph_workflow.py
[2024-08-09 19:47:58,552] {logging_mixin.py:115} INFO - [2024-08-09 19:47:58,552] {dagbag.py:320} ERROR - Failed to import: /opt/airflow/dags/sup_court_graph_workflow.py
Traceback (most recent call last):
  File "/home/airflow/.local/lib/python3.7/site-packages/airflow/models/dagbag.py", line 317, in parse
    loader.exec_module(new_module)
  File "<frozen importlib._bootstrap_external>", line 728, in exec_module
  File "<frozen importlib._bootstrap>", line 219, in _call_with_frames_removed
  File "/opt/airflow/dags/sup_court_graph_workflow.py", line 4, in <module>
    from neo4j import GraphDatabase
ModuleNotFoundError: No module named 'neo4j'
[2024-08-09 19:47:58,552] {processor.py:653} WARNING - No viable dags retrieved from /opt/airflow/dags/sup_court_graph_workflow.py
[2024-08-09 19:47:58,569] {processor.py:161} INFO - Processing /opt/airflow/dags/sup_court_graph_workflow.py took 0.030 seconds
[2024-08-09 19:48:28,648] {processor.py:153} INFO - Started process (PID=139) to work on /opt/airflow/dags/sup_court_graph_workflow.py
[2024-08-09 19:48:28,648] {processor.py:641} INFO - Processing file /opt/airflow/dags/sup_court_graph_workflow.py for tasks to queue
[2024-08-09 19:48:28,648] {logging_mixin.py:115} INFO - [2024-08-09 19:48:28,648] {dagbag.py:507} INFO - Filling up the DagBag from /opt/airflow/dags/sup_court_graph_workflow.py
[2024-08-09 19:48:28,652] {logging_mixin.py:115} INFO - [2024-08-09 19:48:28,651] {dagbag.py:320} ERROR - Failed to import: /opt/airflow/dags/sup_court_graph_workflow.py
Traceback (most recent call last):
  File "/home/airflow/.local/lib/python3.7/site-packages/airflow/models/dagbag.py", line 317, in parse
    loader.exec_module(new_module)
  File "<frozen importlib._bootstrap_external>", line 728, in exec_module
  File "<frozen importlib._bootstrap>", line 219, in _call_with_frames_removed
  File "/opt/airflow/dags/sup_court_graph_workflow.py", line 4, in <module>
    from neo4j import GraphDatabase
ModuleNotFoundError: No module named 'neo4j'
[2024-08-09 19:48:28,652] {processor.py:653} WARNING - No viable dags retrieved from /opt/airflow/dags/sup_court_graph_workflow.py
[2024-08-09 19:48:28,665] {processor.py:161} INFO - Processing /opt/airflow/dags/sup_court_graph_workflow.py took 0.019 seconds
[2024-08-09 19:48:58,739] {processor.py:153} INFO - Started process (PID=198) to work on /opt/airflow/dags/sup_court_graph_workflow.py
[2024-08-09 19:48:58,739] {processor.py:641} INFO - Processing file /opt/airflow/dags/sup_court_graph_workflow.py for tasks to queue
[2024-08-09 19:48:58,740] {logging_mixin.py:115} INFO - [2024-08-09 19:48:58,739] {dagbag.py:507} INFO - Filling up the DagBag from /opt/airflow/dags/sup_court_graph_workflow.py
[2024-08-09 19:48:58,746] {logging_mixin.py:115} INFO - [2024-08-09 19:48:58,745] {dagbag.py:320} ERROR - Failed to import: /opt/airflow/dags/sup_court_graph_workflow.py
Traceback (most recent call last):
  File "/home/airflow/.local/lib/python3.7/site-packages/airflow/models/dagbag.py", line 317, in parse
    loader.exec_module(new_module)
  File "<frozen importlib._bootstrap_external>", line 728, in exec_module
  File "<frozen importlib._bootstrap>", line 219, in _call_with_frames_removed
  File "/opt/airflow/dags/sup_court_graph_workflow.py", line 4, in <module>
    from neo4j import GraphDatabase
ModuleNotFoundError: No module named 'neo4j'
[2024-08-09 19:48:58,746] {processor.py:653} WARNING - No viable dags retrieved from /opt/airflow/dags/sup_court_graph_workflow.py
[2024-08-09 19:48:58,768] {processor.py:161} INFO - Processing /opt/airflow/dags/sup_court_graph_workflow.py took 0.032 seconds
[2024-08-09 19:49:28,855] {processor.py:153} INFO - Started process (PID=256) to work on /opt/airflow/dags/sup_court_graph_workflow.py
[2024-08-09 19:49:28,856] {processor.py:641} INFO - Processing file /opt/airflow/dags/sup_court_graph_workflow.py for tasks to queue
[2024-08-09 19:49:28,856] {logging_mixin.py:115} INFO - [2024-08-09 19:49:28,856] {dagbag.py:507} INFO - Filling up the DagBag from /opt/airflow/dags/sup_court_graph_workflow.py
[2024-08-09 19:49:28,861] {logging_mixin.py:115} INFO - [2024-08-09 19:49:28,861] {dagbag.py:320} ERROR - Failed to import: /opt/airflow/dags/sup_court_graph_workflow.py
Traceback (most recent call last):
  File "/home/airflow/.local/lib/python3.7/site-packages/airflow/models/dagbag.py", line 317, in parse
    loader.exec_module(new_module)
  File "<frozen importlib._bootstrap_external>", line 728, in exec_module
  File "<frozen importlib._bootstrap>", line 219, in _call_with_frames_removed
  File "/opt/airflow/dags/sup_court_graph_workflow.py", line 4, in <module>
    from neo4j import GraphDatabase
ModuleNotFoundError: No module named 'neo4j'
[2024-08-09 19:49:28,861] {processor.py:653} WARNING - No viable dags retrieved from /opt/airflow/dags/sup_court_graph_workflow.py
[2024-08-09 19:49:28,877] {processor.py:161} INFO - Processing /opt/airflow/dags/sup_court_graph_workflow.py took 0.024 seconds
[2024-08-09 19:49:58,956] {processor.py:153} INFO - Started process (PID=313) to work on /opt/airflow/dags/sup_court_graph_workflow.py
[2024-08-09 19:49:58,956] {processor.py:641} INFO - Processing file /opt/airflow/dags/sup_court_graph_workflow.py for tasks to queue
[2024-08-09 19:49:58,957] {logging_mixin.py:115} INFO - [2024-08-09 19:49:58,957] {dagbag.py:507} INFO - Filling up the DagBag from /opt/airflow/dags/sup_court_graph_workflow.py
[2024-08-09 19:49:58,965] {logging_mixin.py:115} INFO - [2024-08-09 19:49:58,965] {dagbag.py:320} ERROR - Failed to import: /opt/airflow/dags/sup_court_graph_workflow.py
Traceback (most recent call last):
  File "/home/airflow/.local/lib/python3.7/site-packages/airflow/models/dagbag.py", line 317, in parse
    loader.exec_module(new_module)
  File "<frozen importlib._bootstrap_external>", line 728, in exec_module
  File "<frozen importlib._bootstrap>", line 219, in _call_with_frames_removed
  File "/opt/airflow/dags/sup_court_graph_workflow.py", line 4, in <module>
    from neo4j import GraphDatabase
ModuleNotFoundError: No module named 'neo4j'
[2024-08-09 19:49:58,966] {processor.py:653} WARNING - No viable dags retrieved from /opt/airflow/dags/sup_court_graph_workflow.py
[2024-08-09 19:49:58,993] {processor.py:161} INFO - Processing /opt/airflow/dags/sup_court_graph_workflow.py took 0.041 seconds
[2024-08-09 19:50:29,070] {processor.py:153} INFO - Started process (PID=377) to work on /opt/airflow/dags/sup_court_graph_workflow.py
[2024-08-09 19:50:29,070] {processor.py:641} INFO - Processing file /opt/airflow/dags/sup_court_graph_workflow.py for tasks to queue
[2024-08-09 19:50:29,071] {logging_mixin.py:115} INFO - [2024-08-09 19:50:29,071] {dagbag.py:507} INFO - Filling up the DagBag from /opt/airflow/dags/sup_court_graph_workflow.py
[2024-08-09 19:50:29,074] {logging_mixin.py:115} INFO - [2024-08-09 19:50:29,074] {dagbag.py:320} ERROR - Failed to import: /opt/airflow/dags/sup_court_graph_workflow.py
Traceback (most recent call last):
  File "/home/airflow/.local/lib/python3.7/site-packages/airflow/models/dagbag.py", line 317, in parse
    loader.exec_module(new_module)
  File "<frozen importlib._bootstrap_external>", line 728, in exec_module
  File "<frozen importlib._bootstrap>", line 219, in _call_with_frames_removed
  File "/opt/airflow/dags/sup_court_graph_workflow.py", line 4, in <module>
    from neo4j import GraphDatabase
ModuleNotFoundError: No module named 'neo4j'
[2024-08-09 19:50:29,074] {processor.py:653} WARNING - No viable dags retrieved from /opt/airflow/dags/sup_court_graph_workflow.py
[2024-08-09 19:50:29,088] {processor.py:161} INFO - Processing /opt/airflow/dags/sup_court_graph_workflow.py took 0.019 seconds
[2024-08-09 19:50:59,184] {processor.py:153} INFO - Started process (PID=386) to work on /opt/airflow/dags/sup_court_graph_workflow.py
[2024-08-09 19:50:59,185] {processor.py:641} INFO - Processing file /opt/airflow/dags/sup_court_graph_workflow.py for tasks to queue
[2024-08-09 19:50:59,186] {logging_mixin.py:115} INFO - [2024-08-09 19:50:59,186] {dagbag.py:507} INFO - Filling up the DagBag from /opt/airflow/dags/sup_court_graph_workflow.py
[2024-08-09 19:50:59,197] {logging_mixin.py:115} INFO - [2024-08-09 19:50:59,196] {dagbag.py:320} ERROR - Failed to import: /opt/airflow/dags/sup_court_graph_workflow.py
Traceback (most recent call last):
  File "/home/airflow/.local/lib/python3.7/site-packages/airflow/models/dagbag.py", line 317, in parse
    loader.exec_module(new_module)
  File "<frozen importlib._bootstrap_external>", line 728, in exec_module
  File "<frozen importlib._bootstrap>", line 219, in _call_with_frames_removed
  File "/opt/airflow/dags/sup_court_graph_workflow.py", line 4, in <module>
    from neo4j import GraphDatabase
ModuleNotFoundError: No module named 'neo4j'
[2024-08-09 19:50:59,198] {processor.py:653} WARNING - No viable dags retrieved from /opt/airflow/dags/sup_court_graph_workflow.py
[2024-08-09 19:50:59,205] {processor.py:164} ERROR - Got an exception! Propagating...
Traceback (most recent call last):
  File "/home/airflow/.local/lib/python3.7/site-packages/sqlalchemy/engine/base.py", line 3141, in _wrap_pool_connect
    return fn()
  File "/home/airflow/.local/lib/python3.7/site-packages/sqlalchemy/pool/base.py", line 301, in connect
    return _ConnectionFairy._checkout(self)
  File "/home/airflow/.local/lib/python3.7/site-packages/sqlalchemy/pool/base.py", line 755, in _checkout
    fairy = _ConnectionRecord.checkout(pool)
  File "/home/airflow/.local/lib/python3.7/site-packages/sqlalchemy/pool/base.py", line 419, in checkout
    rec = pool._do_get()
  File "/home/airflow/.local/lib/python3.7/site-packages/sqlalchemy/pool/impl.py", line 145, in _do_get
    self._dec_overflow()
  File "/home/airflow/.local/lib/python3.7/site-packages/sqlalchemy/util/langhelpers.py", line 72, in __exit__
    with_traceback=exc_tb,
  File "/home/airflow/.local/lib/python3.7/site-packages/sqlalchemy/util/compat.py", line 211, in raise_
    raise exception
  File "/home/airflow/.local/lib/python3.7/site-packages/sqlalchemy/pool/impl.py", line 142, in _do_get
    return self._create_connection()
  File "/home/airflow/.local/lib/python3.7/site-packages/sqlalchemy/pool/base.py", line 247, in _create_connection
    return _ConnectionRecord(self)
  File "/home/airflow/.local/lib/python3.7/site-packages/sqlalchemy/pool/base.py", line 362, in __init__
    self.__connect(first_connect_check=True)
  File "/home/airflow/.local/lib/python3.7/site-packages/sqlalchemy/pool/base.py", line 605, in __connect
    pool.logger.debug("Error on connect(): %s", e)
  File "/home/airflow/.local/lib/python3.7/site-packages/sqlalchemy/util/langhelpers.py", line 72, in __exit__
    with_traceback=exc_tb,
  File "/home/airflow/.local/lib/python3.7/site-packages/sqlalchemy/util/compat.py", line 211, in raise_
    raise exception
  File "/home/airflow/.local/lib/python3.7/site-packages/sqlalchemy/pool/base.py", line 599, in __connect
    connection = pool._invoke_creator(self)
  File "/home/airflow/.local/lib/python3.7/site-packages/sqlalchemy/engine/create.py", line 578, in connect
    return dialect.connect(*cargs, **cparams)
  File "/home/airflow/.local/lib/python3.7/site-packages/sqlalchemy/engine/default.py", line 583, in connect
    return self.dbapi.connect(*cargs, **cparams)
  File "/home/airflow/.local/lib/python3.7/site-packages/psycopg2/__init__.py", line 122, in connect
    conn = _connect(dsn, connection_factory=connection_factory, **kwasync)
psycopg2.OperationalError: could not translate host name "postgres" to address: Temporary failure in name resolution


The above exception was the direct cause of the following exception:

Traceback (most recent call last):
  File "/home/airflow/.local/lib/python3.7/site-packages/airflow/dag_processing/processor.py", line 158, in _run_file_processor
    callback_requests=callback_requests,
  File "/home/airflow/.local/lib/python3.7/site-packages/airflow/utils/session.py", line 71, in wrapper
    return func(*args, session=session, **kwargs)
  File "/home/airflow/.local/lib/python3.7/site-packages/airflow/dag_processing/processor.py", line 654, in process_file
    self.update_import_errors(session, dagbag)
  File "/home/airflow/.local/lib/python3.7/site-packages/airflow/dag_processing/processor.py", line 541, in update_import_errors
    existing_import_error_files = [x.filename for x in session.query(errors.ImportError.filename).all()]
  File "/home/airflow/.local/lib/python3.7/site-packages/sqlalchemy/orm/query.py", line 2683, in all
    return self._iter().all()
  File "/home/airflow/.local/lib/python3.7/site-packages/sqlalchemy/orm/query.py", line 2821, in _iter
    execution_options={"_sa_orm_load_options": self.load_options},
  File "/home/airflow/.local/lib/python3.7/site-packages/sqlalchemy/orm/session.py", line 1669, in execute
    conn = self._connection_for_bind(bind, close_with_result=True)
  File "/home/airflow/.local/lib/python3.7/site-packages/sqlalchemy/orm/session.py", line 1520, in _connection_for_bind
    engine, execution_options
  File "/home/airflow/.local/lib/python3.7/site-packages/sqlalchemy/orm/session.py", line 747, in _connection_for_bind
    conn = bind.connect()
  File "/home/airflow/.local/lib/python3.7/site-packages/sqlalchemy/engine/base.py", line 3095, in connect
    return self._connection_cls(self, close_with_result=close_with_result)
  File "/home/airflow/.local/lib/python3.7/site-packages/sqlalchemy/engine/base.py", line 91, in __init__
    else engine.raw_connection()
  File "/home/airflow/.local/lib/python3.7/site-packages/sqlalchemy/engine/base.py", line 3174, in raw_connection
    return self._wrap_pool_connect(self.pool.connect, _connection)
  File "/home/airflow/.local/lib/python3.7/site-packages/sqlalchemy/engine/base.py", line 3145, in _wrap_pool_connect
    e, dialect, self
  File "/home/airflow/.local/lib/python3.7/site-packages/sqlalchemy/engine/base.py", line 2004, in _handle_dbapi_exception_noconnection
    sqlalchemy_exception, with_traceback=exc_info[2], from_=e
  File "/home/airflow/.local/lib/python3.7/site-packages/sqlalchemy/util/compat.py", line 211, in raise_
    raise exception
  File "/home/airflow/.local/lib/python3.7/site-packages/sqlalchemy/engine/base.py", line 3141, in _wrap_pool_connect
    return fn()
  File "/home/airflow/.local/lib/python3.7/site-packages/sqlalchemy/pool/base.py", line 301, in connect
    return _ConnectionFairy._checkout(self)
  File "/home/airflow/.local/lib/python3.7/site-packages/sqlalchemy/pool/base.py", line 755, in _checkout
    fairy = _ConnectionRecord.checkout(pool)
  File "/home/airflow/.local/lib/python3.7/site-packages/sqlalchemy/pool/base.py", line 419, in checkout
    rec = pool._do_get()
  File "/home/airflow/.local/lib/python3.7/site-packages/sqlalchemy/pool/impl.py", line 145, in _do_get
    self._dec_overflow()
  File "/home/airflow/.local/lib/python3.7/site-packages/sqlalchemy/util/langhelpers.py", line 72, in __exit__
    with_traceback=exc_tb,
  File "/home/airflow/.local/lib/python3.7/site-packages/sqlalchemy/util/compat.py", line 211, in raise_
    raise exception
  File "/home/airflow/.local/lib/python3.7/site-packages/sqlalchemy/pool/impl.py", line 142, in _do_get
    return self._create_connection()
  File "/home/airflow/.local/lib/python3.7/site-packages/sqlalchemy/pool/base.py", line 247, in _create_connection
    return _ConnectionRecord(self)
  File "/home/airflow/.local/lib/python3.7/site-packages/sqlalchemy/pool/base.py", line 362, in __init__
    self.__connect(first_connect_check=True)
  File "/home/airflow/.local/lib/python3.7/site-packages/sqlalchemy/pool/base.py", line 605, in __connect
    pool.logger.debug("Error on connect(): %s", e)
  File "/home/airflow/.local/lib/python3.7/site-packages/sqlalchemy/util/langhelpers.py", line 72, in __exit__
    with_traceback=exc_tb,
  File "/home/airflow/.local/lib/python3.7/site-packages/sqlalchemy/util/compat.py", line 211, in raise_
    raise exception
  File "/home/airflow/.local/lib/python3.7/site-packages/sqlalchemy/pool/base.py", line 599, in __connect
    connection = pool._invoke_creator(self)
  File "/home/airflow/.local/lib/python3.7/site-packages/sqlalchemy/engine/create.py", line 578, in connect
    return dialect.connect(*cargs, **cparams)
  File "/home/airflow/.local/lib/python3.7/site-packages/sqlalchemy/engine/default.py", line 583, in connect
    return self.dbapi.connect(*cargs, **cparams)
  File "/home/airflow/.local/lib/python3.7/site-packages/psycopg2/__init__.py", line 122, in connect
    conn = _connect(dsn, connection_factory=connection_factory, **kwasync)
sqlalchemy.exc.OperationalError: (psycopg2.OperationalError) could not translate host name "postgres" to address: Temporary failure in name resolution

(Background on this error at: http://sqlalche.me/e/14/e3q8)
[2024-08-09 20:01:20,443] {processor.py:153} INFO - Started process (PID=31) to work on /opt/airflow/dags/sup_court_graph_workflow.py
[2024-08-09 20:01:20,444] {processor.py:641} INFO - Processing file /opt/airflow/dags/sup_court_graph_workflow.py for tasks to queue
[2024-08-09 20:01:20,445] {logging_mixin.py:115} INFO - [2024-08-09 20:01:20,444] {dagbag.py:507} INFO - Filling up the DagBag from /opt/airflow/dags/sup_court_graph_workflow.py
[2024-08-09 20:01:20,585] {processor.py:651} INFO - DAG(s) dict_keys(['neo4j_workflow']) retrieved from /opt/airflow/dags/sup_court_graph_workflow.py
[2024-08-09 20:01:20,661] {logging_mixin.py:115} INFO - [2024-08-09 20:01:20,661] {manager.py:508} INFO - Created Permission View: can edit on DAG:neo4j_workflow
[2024-08-09 20:01:20,670] {logging_mixin.py:115} INFO - [2024-08-09 20:01:20,670] {manager.py:508} INFO - Created Permission View: can read on DAG:neo4j_workflow
[2024-08-09 20:01:20,677] {logging_mixin.py:115} INFO - [2024-08-09 20:01:20,677] {manager.py:508} INFO - Created Permission View: can delete on DAG:neo4j_workflow
[2024-08-09 20:01:20,677] {logging_mixin.py:115} INFO - [2024-08-09 20:01:20,677] {dag.py:2371} INFO - Sync 1 DAGs
[2024-08-09 20:01:20,684] {logging_mixin.py:115} INFO - [2024-08-09 20:01:20,684] {dag.py:2390} INFO - Creating ORM DAG for neo4j_workflow
[2024-08-09 20:01:20,694] {logging_mixin.py:115} INFO - [2024-08-09 20:01:20,694] {dag.py:2919} INFO - Setting next_dagrun for neo4j_workflow to 2023-01-01T00:00:00+00:00, run_after=2023-01-02T00:00:00+00:00
[2024-08-09 20:01:20,707] {processor.py:161} INFO - Processing /opt/airflow/dags/sup_court_graph_workflow.py took 0.267 seconds
[2024-08-09 20:01:50,728] {processor.py:153} INFO - Started process (PID=34) to work on /opt/airflow/dags/sup_court_graph_workflow.py
[2024-08-09 20:01:50,728] {processor.py:641} INFO - Processing file /opt/airflow/dags/sup_court_graph_workflow.py for tasks to queue
[2024-08-09 20:01:50,728] {logging_mixin.py:115} INFO - [2024-08-09 20:01:50,728] {dagbag.py:507} INFO - Filling up the DagBag from /opt/airflow/dags/sup_court_graph_workflow.py
[2024-08-09 20:01:50,804] {processor.py:651} INFO - DAG(s) dict_keys(['neo4j_workflow']) retrieved from /opt/airflow/dags/sup_court_graph_workflow.py
[2024-08-09 20:01:50,818] {logging_mixin.py:115} INFO - [2024-08-09 20:01:50,818] {dag.py:2371} INFO - Sync 1 DAGs
[2024-08-09 20:01:50,833] {logging_mixin.py:115} INFO - [2024-08-09 20:01:50,833] {dag.py:2919} INFO - Setting next_dagrun for neo4j_workflow to 2023-01-01T00:00:00+00:00, run_after=2023-01-02T00:00:00+00:00
[2024-08-09 20:01:50,840] {processor.py:161} INFO - Processing /opt/airflow/dags/sup_court_graph_workflow.py took 0.114 seconds
[2024-08-09 20:02:20,900] {processor.py:153} INFO - Started process (PID=75) to work on /opt/airflow/dags/sup_court_graph_workflow.py
[2024-08-09 20:02:20,900] {processor.py:641} INFO - Processing file /opt/airflow/dags/sup_court_graph_workflow.py for tasks to queue
[2024-08-09 20:02:20,901] {logging_mixin.py:115} INFO - [2024-08-09 20:02:20,901] {dagbag.py:507} INFO - Filling up the DagBag from /opt/airflow/dags/sup_court_graph_workflow.py
[2024-08-09 20:02:21,025] {processor.py:651} INFO - DAG(s) dict_keys(['neo4j_workflow']) retrieved from /opt/airflow/dags/sup_court_graph_workflow.py
[2024-08-09 20:02:21,053] {logging_mixin.py:115} INFO - [2024-08-09 20:02:21,053] {dag.py:2371} INFO - Sync 1 DAGs
[2024-08-09 20:02:21,077] {logging_mixin.py:115} INFO - [2024-08-09 20:02:21,077] {dag.py:2919} INFO - Setting next_dagrun for neo4j_workflow to 2023-01-10T00:00:00+00:00, run_after=2023-01-11T00:00:00+00:00
[2024-08-09 20:02:21,090] {processor.py:161} INFO - Processing /opt/airflow/dags/sup_court_graph_workflow.py took 0.194 seconds
[2024-08-09 20:02:51,115] {processor.py:153} INFO - Started process (PID=102) to work on /opt/airflow/dags/sup_court_graph_workflow.py
[2024-08-09 20:02:51,115] {processor.py:641} INFO - Processing file /opt/airflow/dags/sup_court_graph_workflow.py for tasks to queue
[2024-08-09 20:02:51,116] {logging_mixin.py:115} INFO - [2024-08-09 20:02:51,116] {dagbag.py:507} INFO - Filling up the DagBag from /opt/airflow/dags/sup_court_graph_workflow.py
[2024-08-09 20:02:51,230] {processor.py:651} INFO - DAG(s) dict_keys(['neo4j_workflow']) retrieved from /opt/airflow/dags/sup_court_graph_workflow.py
[2024-08-09 20:02:51,251] {logging_mixin.py:115} INFO - [2024-08-09 20:02:51,251] {dag.py:2371} INFO - Sync 1 DAGs
[2024-08-09 20:02:51,287] {processor.py:161} INFO - Processing /opt/airflow/dags/sup_court_graph_workflow.py took 0.174 seconds
[2024-08-09 20:03:22,202] {processor.py:153} INFO - Started process (PID=104) to work on /opt/airflow/dags/sup_court_graph_workflow.py
[2024-08-09 20:03:22,209] {processor.py:641} INFO - Processing file /opt/airflow/dags/sup_court_graph_workflow.py for tasks to queue
[2024-08-09 20:03:22,209] {logging_mixin.py:115} INFO - [2024-08-09 20:03:22,209] {dagbag.py:507} INFO - Filling up the DagBag from /opt/airflow/dags/sup_court_graph_workflow.py
[2024-08-09 20:03:22,329] {processor.py:651} INFO - DAG(s) dict_keys(['neo4j_workflow']) retrieved from /opt/airflow/dags/sup_court_graph_workflow.py
[2024-08-09 20:03:22,353] {logging_mixin.py:115} INFO - [2024-08-09 20:03:22,353] {dag.py:2371} INFO - Sync 1 DAGs
[2024-08-09 20:03:22,397] {processor.py:161} INFO - Processing /opt/airflow/dags/sup_court_graph_workflow.py took 0.198 seconds
[2024-08-09 20:03:52,428] {processor.py:153} INFO - Started process (PID=106) to work on /opt/airflow/dags/sup_court_graph_workflow.py
[2024-08-09 20:03:52,434] {processor.py:641} INFO - Processing file /opt/airflow/dags/sup_court_graph_workflow.py for tasks to queue
[2024-08-09 20:03:52,435] {logging_mixin.py:115} INFO - [2024-08-09 20:03:52,435] {dagbag.py:507} INFO - Filling up the DagBag from /opt/airflow/dags/sup_court_graph_workflow.py
[2024-08-09 20:03:52,571] {processor.py:651} INFO - DAG(s) dict_keys(['neo4j_workflow']) retrieved from /opt/airflow/dags/sup_court_graph_workflow.py
[2024-08-09 20:03:52,596] {logging_mixin.py:115} INFO - [2024-08-09 20:03:52,596] {dag.py:2371} INFO - Sync 1 DAGs
[2024-08-09 20:03:52,641] {processor.py:161} INFO - Processing /opt/airflow/dags/sup_court_graph_workflow.py took 0.217 seconds
[2024-08-09 20:04:23,527] {processor.py:153} INFO - Started process (PID=108) to work on /opt/airflow/dags/sup_court_graph_workflow.py
[2024-08-09 20:04:23,528] {processor.py:641} INFO - Processing file /opt/airflow/dags/sup_court_graph_workflow.py for tasks to queue
[2024-08-09 20:04:23,530] {logging_mixin.py:115} INFO - [2024-08-09 20:04:23,529] {dagbag.py:507} INFO - Filling up the DagBag from /opt/airflow/dags/sup_court_graph_workflow.py
[2024-08-09 20:04:23,630] {processor.py:651} INFO - DAG(s) dict_keys(['neo4j_workflow']) retrieved from /opt/airflow/dags/sup_court_graph_workflow.py
[2024-08-09 20:04:23,648] {logging_mixin.py:115} INFO - [2024-08-09 20:04:23,648] {dag.py:2371} INFO - Sync 1 DAGs
[2024-08-09 20:04:23,689] {processor.py:161} INFO - Processing /opt/airflow/dags/sup_court_graph_workflow.py took 0.169 seconds
[2024-08-09 20:04:53,775] {processor.py:153} INFO - Started process (PID=110) to work on /opt/airflow/dags/sup_court_graph_workflow.py
[2024-08-09 20:04:53,781] {processor.py:641} INFO - Processing file /opt/airflow/dags/sup_court_graph_workflow.py for tasks to queue
[2024-08-09 20:04:53,782] {logging_mixin.py:115} INFO - [2024-08-09 20:04:53,782] {dagbag.py:507} INFO - Filling up the DagBag from /opt/airflow/dags/sup_court_graph_workflow.py
[2024-08-09 20:04:53,875] {processor.py:651} INFO - DAG(s) dict_keys(['neo4j_workflow']) retrieved from /opt/airflow/dags/sup_court_graph_workflow.py
[2024-08-09 20:04:53,890] {logging_mixin.py:115} INFO - [2024-08-09 20:04:53,890] {dag.py:2371} INFO - Sync 1 DAGs
[2024-08-09 20:04:53,913] {processor.py:161} INFO - Processing /opt/airflow/dags/sup_court_graph_workflow.py took 0.141 seconds
[2024-08-09 20:06:21,631] {processor.py:153} INFO - Started process (PID=31) to work on /opt/airflow/dags/sup_court_graph_workflow.py
[2024-08-09 20:06:21,631] {processor.py:641} INFO - Processing file /opt/airflow/dags/sup_court_graph_workflow.py for tasks to queue
[2024-08-09 20:06:21,631] {logging_mixin.py:115} INFO - [2024-08-09 20:06:21,631] {dagbag.py:507} INFO - Filling up the DagBag from /opt/airflow/dags/sup_court_graph_workflow.py
[2024-08-09 20:06:21,746] {processor.py:651} INFO - DAG(s) dict_keys(['neo4j_workflow']) retrieved from /opt/airflow/dags/sup_court_graph_workflow.py
[2024-08-09 20:06:21,800] {logging_mixin.py:115} INFO - [2024-08-09 20:06:21,799] {dag.py:2371} INFO - Sync 1 DAGs
[2024-08-09 20:06:21,836] {processor.py:161} INFO - Processing /opt/airflow/dags/sup_court_graph_workflow.py took 0.208 seconds
[2024-08-09 20:06:51,851] {processor.py:153} INFO - Started process (PID=35) to work on /opt/airflow/dags/sup_court_graph_workflow.py
[2024-08-09 20:06:51,852] {processor.py:641} INFO - Processing file /opt/airflow/dags/sup_court_graph_workflow.py for tasks to queue
[2024-08-09 20:06:51,852] {logging_mixin.py:115} INFO - [2024-08-09 20:06:51,852] {dagbag.py:507} INFO - Filling up the DagBag from /opt/airflow/dags/sup_court_graph_workflow.py
[2024-08-09 20:06:51,965] {processor.py:651} INFO - DAG(s) dict_keys(['neo4j_workflow']) retrieved from /opt/airflow/dags/sup_court_graph_workflow.py
[2024-08-09 20:06:51,980] {logging_mixin.py:115} INFO - [2024-08-09 20:06:51,980] {dag.py:2371} INFO - Sync 1 DAGs
[2024-08-09 20:06:52,005] {processor.py:161} INFO - Processing /opt/airflow/dags/sup_court_graph_workflow.py took 0.156 seconds
[2024-08-09 20:10:55,709] {processor.py:153} INFO - Started process (PID=30) to work on /opt/airflow/dags/sup_court_graph_workflow.py
[2024-08-09 20:10:55,710] {processor.py:641} INFO - Processing file /opt/airflow/dags/sup_court_graph_workflow.py for tasks to queue
[2024-08-09 20:10:55,711] {logging_mixin.py:115} INFO - [2024-08-09 20:10:55,711] {dagbag.py:507} INFO - Filling up the DagBag from /opt/airflow/dags/sup_court_graph_workflow.py
[2024-08-09 20:10:55,845] {processor.py:651} INFO - DAG(s) dict_keys(['neo4j_workflow']) retrieved from /opt/airflow/dags/sup_court_graph_workflow.py
[2024-08-09 20:10:55,864] {logging_mixin.py:115} INFO - [2024-08-09 20:10:55,864] {dag.py:2371} INFO - Sync 1 DAGs
[2024-08-09 20:10:55,905] {processor.py:161} INFO - Processing /opt/airflow/dags/sup_court_graph_workflow.py took 0.201 seconds
[2024-08-09 20:11:25,976] {processor.py:153} INFO - Started process (PID=34) to work on /opt/airflow/dags/sup_court_graph_workflow.py
[2024-08-09 20:11:25,977] {processor.py:641} INFO - Processing file /opt/airflow/dags/sup_court_graph_workflow.py for tasks to queue
[2024-08-09 20:11:25,977] {logging_mixin.py:115} INFO - [2024-08-09 20:11:25,977] {dagbag.py:507} INFO - Filling up the DagBag from /opt/airflow/dags/sup_court_graph_workflow.py
[2024-08-09 20:11:26,086] {processor.py:651} INFO - DAG(s) dict_keys(['neo4j_workflow']) retrieved from /opt/airflow/dags/sup_court_graph_workflow.py
[2024-08-09 20:11:26,105] {logging_mixin.py:115} INFO - [2024-08-09 20:11:26,105] {dag.py:2371} INFO - Sync 1 DAGs
[2024-08-09 20:11:26,150] {processor.py:161} INFO - Processing /opt/airflow/dags/sup_court_graph_workflow.py took 0.176 seconds
[2024-08-09 20:11:57,076] {processor.py:153} INFO - Started process (PID=36) to work on /opt/airflow/dags/sup_court_graph_workflow.py
[2024-08-09 20:11:57,083] {processor.py:641} INFO - Processing file /opt/airflow/dags/sup_court_graph_workflow.py for tasks to queue
[2024-08-09 20:11:57,083] {logging_mixin.py:115} INFO - [2024-08-09 20:11:57,083] {dagbag.py:507} INFO - Filling up the DagBag from /opt/airflow/dags/sup_court_graph_workflow.py
[2024-08-09 20:11:57,179] {processor.py:651} INFO - DAG(s) dict_keys(['neo4j_workflow']) retrieved from /opt/airflow/dags/sup_court_graph_workflow.py
[2024-08-09 20:11:57,196] {logging_mixin.py:115} INFO - [2024-08-09 20:11:57,196] {dag.py:2371} INFO - Sync 1 DAGs
[2024-08-09 20:11:57,230] {processor.py:161} INFO - Processing /opt/airflow/dags/sup_court_graph_workflow.py took 0.157 seconds
[2024-08-09 20:12:27,296] {processor.py:153} INFO - Started process (PID=38) to work on /opt/airflow/dags/sup_court_graph_workflow.py
[2024-08-09 20:12:27,303] {processor.py:641} INFO - Processing file /opt/airflow/dags/sup_court_graph_workflow.py for tasks to queue
[2024-08-09 20:12:27,304] {logging_mixin.py:115} INFO - [2024-08-09 20:12:27,304] {dagbag.py:507} INFO - Filling up the DagBag from /opt/airflow/dags/sup_court_graph_workflow.py
[2024-08-09 20:12:27,434] {processor.py:651} INFO - DAG(s) dict_keys(['neo4j_workflow']) retrieved from /opt/airflow/dags/sup_court_graph_workflow.py
[2024-08-09 20:12:27,468] {logging_mixin.py:115} INFO - [2024-08-09 20:12:27,468] {dag.py:2371} INFO - Sync 1 DAGs
[2024-08-09 20:12:27,516] {processor.py:161} INFO - Processing /opt/airflow/dags/sup_court_graph_workflow.py took 0.222 seconds
[2024-08-09 20:12:58,431] {processor.py:153} INFO - Started process (PID=40) to work on /opt/airflow/dags/sup_court_graph_workflow.py
[2024-08-09 20:12:58,433] {processor.py:641} INFO - Processing file /opt/airflow/dags/sup_court_graph_workflow.py for tasks to queue
[2024-08-09 20:12:58,434] {logging_mixin.py:115} INFO - [2024-08-09 20:12:58,434] {dagbag.py:507} INFO - Filling up the DagBag from /opt/airflow/dags/sup_court_graph_workflow.py
[2024-08-09 20:12:58,572] {processor.py:651} INFO - DAG(s) dict_keys(['neo4j_workflow']) retrieved from /opt/airflow/dags/sup_court_graph_workflow.py
[2024-08-09 20:12:58,592] {logging_mixin.py:115} INFO - [2024-08-09 20:12:58,592] {dag.py:2371} INFO - Sync 1 DAGs
[2024-08-09 20:12:58,612] {logging_mixin.py:115} INFO - [2024-08-09 20:12:58,612] {dag.py:2919} INFO - Setting next_dagrun for neo4j_workflow to 2024-08-09T00:00:00+00:00, run_after=2024-08-10T00:00:00+00:00
[2024-08-09 20:12:58,623] {processor.py:161} INFO - Processing /opt/airflow/dags/sup_court_graph_workflow.py took 0.197 seconds
[2024-08-09 20:13:28,695] {processor.py:153} INFO - Started process (PID=46) to work on /opt/airflow/dags/sup_court_graph_workflow.py
[2024-08-09 20:13:28,702] {processor.py:641} INFO - Processing file /opt/airflow/dags/sup_court_graph_workflow.py for tasks to queue
[2024-08-09 20:13:28,703] {logging_mixin.py:115} INFO - [2024-08-09 20:13:28,702] {dagbag.py:507} INFO - Filling up the DagBag from /opt/airflow/dags/sup_court_graph_workflow.py
[2024-08-09 20:13:28,823] {processor.py:651} INFO - DAG(s) dict_keys(['neo4j_workflow']) retrieved from /opt/airflow/dags/sup_court_graph_workflow.py
[2024-08-09 20:13:28,842] {logging_mixin.py:115} INFO - [2024-08-09 20:13:28,842] {dag.py:2371} INFO - Sync 1 DAGs
[2024-08-09 20:13:28,865] {logging_mixin.py:115} INFO - [2024-08-09 20:13:28,865] {dag.py:2919} INFO - Setting next_dagrun for neo4j_workflow to 2024-08-09T00:00:00+00:00, run_after=2024-08-10T00:00:00+00:00
[2024-08-09 20:13:28,875] {processor.py:161} INFO - Processing /opt/airflow/dags/sup_court_graph_workflow.py took 0.185 seconds
[2024-08-09 20:13:58,968] {processor.py:153} INFO - Started process (PID=48) to work on /opt/airflow/dags/sup_court_graph_workflow.py
[2024-08-09 20:13:58,969] {processor.py:641} INFO - Processing file /opt/airflow/dags/sup_court_graph_workflow.py for tasks to queue
[2024-08-09 20:13:58,970] {logging_mixin.py:115} INFO - [2024-08-09 20:13:58,970] {dagbag.py:507} INFO - Filling up the DagBag from /opt/airflow/dags/sup_court_graph_workflow.py
[2024-08-09 20:13:59,158] {processor.py:651} INFO - DAG(s) dict_keys(['neo4j_workflow']) retrieved from /opt/airflow/dags/sup_court_graph_workflow.py
[2024-08-09 20:13:59,187] {logging_mixin.py:115} INFO - [2024-08-09 20:13:59,187] {dag.py:2371} INFO - Sync 1 DAGs
[2024-08-09 20:13:59,218] {logging_mixin.py:115} INFO - [2024-08-09 20:13:59,218] {dag.py:2919} INFO - Setting next_dagrun for neo4j_workflow to 2024-08-09T00:00:00+00:00, run_after=2024-08-10T00:00:00+00:00
[2024-08-09 20:13:59,231] {processor.py:161} INFO - Processing /opt/airflow/dags/sup_court_graph_workflow.py took 0.271 seconds
[2024-08-09 20:14:30,071] {processor.py:153} INFO - Started process (PID=50) to work on /opt/airflow/dags/sup_court_graph_workflow.py
[2024-08-09 20:14:30,078] {processor.py:641} INFO - Processing file /opt/airflow/dags/sup_court_graph_workflow.py for tasks to queue
[2024-08-09 20:14:30,078] {logging_mixin.py:115} INFO - [2024-08-09 20:14:30,078] {dagbag.py:507} INFO - Filling up the DagBag from /opt/airflow/dags/sup_court_graph_workflow.py
[2024-08-09 20:14:30,160] {processor.py:651} INFO - DAG(s) dict_keys(['neo4j_workflow']) retrieved from /opt/airflow/dags/sup_court_graph_workflow.py
[2024-08-09 20:14:30,176] {logging_mixin.py:115} INFO - [2024-08-09 20:14:30,176] {dag.py:2371} INFO - Sync 1 DAGs
[2024-08-09 20:14:30,191] {logging_mixin.py:115} INFO - [2024-08-09 20:14:30,191] {dag.py:2919} INFO - Setting next_dagrun for neo4j_workflow to 2024-08-09T00:00:00+00:00, run_after=2024-08-10T00:00:00+00:00
[2024-08-09 20:14:30,209] {processor.py:161} INFO - Processing /opt/airflow/dags/sup_court_graph_workflow.py took 0.143 seconds
[2024-08-09 20:15:00,302] {processor.py:153} INFO - Started process (PID=52) to work on /opt/airflow/dags/sup_court_graph_workflow.py
[2024-08-09 20:15:00,309] {processor.py:641} INFO - Processing file /opt/airflow/dags/sup_court_graph_workflow.py for tasks to queue
[2024-08-09 20:15:00,310] {logging_mixin.py:115} INFO - [2024-08-09 20:15:00,310] {dagbag.py:507} INFO - Filling up the DagBag from /opt/airflow/dags/sup_court_graph_workflow.py
[2024-08-09 20:15:00,408] {processor.py:651} INFO - DAG(s) dict_keys(['neo4j_workflow']) retrieved from /opt/airflow/dags/sup_court_graph_workflow.py
[2024-08-09 20:15:00,424] {logging_mixin.py:115} INFO - [2024-08-09 20:15:00,424] {dag.py:2371} INFO - Sync 1 DAGs
[2024-08-09 20:15:00,440] {logging_mixin.py:115} INFO - [2024-08-09 20:15:00,440] {dag.py:2919} INFO - Setting next_dagrun for neo4j_workflow to 2024-08-09T00:00:00+00:00, run_after=2024-08-10T00:00:00+00:00
[2024-08-09 20:15:00,454] {processor.py:161} INFO - Processing /opt/airflow/dags/sup_court_graph_workflow.py took 0.160 seconds
[2024-08-09 20:15:30,498] {processor.py:153} INFO - Started process (PID=54) to work on /opt/airflow/dags/sup_court_graph_workflow.py
[2024-08-09 20:15:30,504] {processor.py:641} INFO - Processing file /opt/airflow/dags/sup_court_graph_workflow.py for tasks to queue
[2024-08-09 20:15:30,505] {logging_mixin.py:115} INFO - [2024-08-09 20:15:30,505] {dagbag.py:507} INFO - Filling up the DagBag from /opt/airflow/dags/sup_court_graph_workflow.py
[2024-08-09 20:15:30,609] {processor.py:651} INFO - DAG(s) dict_keys(['neo4j_workflow']) retrieved from /opt/airflow/dags/sup_court_graph_workflow.py
[2024-08-09 20:15:30,624] {logging_mixin.py:115} INFO - [2024-08-09 20:15:30,624] {dag.py:2371} INFO - Sync 1 DAGs
[2024-08-09 20:15:30,644] {logging_mixin.py:115} INFO - [2024-08-09 20:15:30,643] {dag.py:2919} INFO - Setting next_dagrun for neo4j_workflow to 2024-08-09T00:00:00+00:00, run_after=2024-08-10T00:00:00+00:00
[2024-08-09 20:15:30,659] {processor.py:161} INFO - Processing /opt/airflow/dags/sup_court_graph_workflow.py took 0.165 seconds
[2024-08-09 20:16:01,592] {processor.py:153} INFO - Started process (PID=56) to work on /opt/airflow/dags/sup_court_graph_workflow.py
[2024-08-09 20:16:01,599] {processor.py:641} INFO - Processing file /opt/airflow/dags/sup_court_graph_workflow.py for tasks to queue
[2024-08-09 20:16:01,600] {logging_mixin.py:115} INFO - [2024-08-09 20:16:01,600] {dagbag.py:507} INFO - Filling up the DagBag from /opt/airflow/dags/sup_court_graph_workflow.py
[2024-08-09 20:16:01,690] {processor.py:651} INFO - DAG(s) dict_keys(['neo4j_workflow']) retrieved from /opt/airflow/dags/sup_court_graph_workflow.py
[2024-08-09 20:16:01,705] {logging_mixin.py:115} INFO - [2024-08-09 20:16:01,704] {dag.py:2371} INFO - Sync 1 DAGs
[2024-08-09 20:16:01,721] {logging_mixin.py:115} INFO - [2024-08-09 20:16:01,721] {dag.py:2919} INFO - Setting next_dagrun for neo4j_workflow to 2024-08-09T00:00:00+00:00, run_after=2024-08-10T00:00:00+00:00
[2024-08-09 20:16:01,742] {processor.py:161} INFO - Processing /opt/airflow/dags/sup_court_graph_workflow.py took 0.154 seconds
[2024-08-09 20:16:31,816] {processor.py:153} INFO - Started process (PID=58) to work on /opt/airflow/dags/sup_court_graph_workflow.py
[2024-08-09 20:16:31,817] {processor.py:641} INFO - Processing file /opt/airflow/dags/sup_court_graph_workflow.py for tasks to queue
[2024-08-09 20:16:31,817] {logging_mixin.py:115} INFO - [2024-08-09 20:16:31,817] {dagbag.py:507} INFO - Filling up the DagBag from /opt/airflow/dags/sup_court_graph_workflow.py
[2024-08-09 20:16:31,974] {processor.py:651} INFO - DAG(s) dict_keys(['neo4j_workflow']) retrieved from /opt/airflow/dags/sup_court_graph_workflow.py
[2024-08-09 20:16:31,998] {logging_mixin.py:115} INFO - [2024-08-09 20:16:31,998] {dag.py:2371} INFO - Sync 1 DAGs
[2024-08-09 20:16:32,029] {logging_mixin.py:115} INFO - [2024-08-09 20:16:32,029] {dag.py:2919} INFO - Setting next_dagrun for neo4j_workflow to 2024-08-09T00:00:00+00:00, run_after=2024-08-10T00:00:00+00:00
[2024-08-09 20:16:32,047] {processor.py:161} INFO - Processing /opt/airflow/dags/sup_court_graph_workflow.py took 0.235 seconds
[2024-08-09 20:17:02,923] {processor.py:153} INFO - Started process (PID=60) to work on /opt/airflow/dags/sup_court_graph_workflow.py
[2024-08-09 20:17:02,930] {processor.py:641} INFO - Processing file /opt/airflow/dags/sup_court_graph_workflow.py for tasks to queue
[2024-08-09 20:17:02,931] {logging_mixin.py:115} INFO - [2024-08-09 20:17:02,931] {dagbag.py:507} INFO - Filling up the DagBag from /opt/airflow/dags/sup_court_graph_workflow.py
[2024-08-09 20:17:03,034] {processor.py:651} INFO - DAG(s) dict_keys(['neo4j_workflow']) retrieved from /opt/airflow/dags/sup_court_graph_workflow.py
[2024-08-09 20:17:03,052] {logging_mixin.py:115} INFO - [2024-08-09 20:17:03,052] {dag.py:2371} INFO - Sync 1 DAGs
[2024-08-09 20:17:03,070] {logging_mixin.py:115} INFO - [2024-08-09 20:17:03,070] {dag.py:2919} INFO - Setting next_dagrun for neo4j_workflow to 2024-08-09T00:00:00+00:00, run_after=2024-08-10T00:00:00+00:00
[2024-08-09 20:17:03,085] {processor.py:161} INFO - Processing /opt/airflow/dags/sup_court_graph_workflow.py took 0.170 seconds
[2024-08-09 20:17:33,161] {processor.py:153} INFO - Started process (PID=62) to work on /opt/airflow/dags/sup_court_graph_workflow.py
[2024-08-09 20:17:33,168] {processor.py:641} INFO - Processing file /opt/airflow/dags/sup_court_graph_workflow.py for tasks to queue
[2024-08-09 20:17:33,169] {logging_mixin.py:115} INFO - [2024-08-09 20:17:33,169] {dagbag.py:507} INFO - Filling up the DagBag from /opt/airflow/dags/sup_court_graph_workflow.py
[2024-08-09 20:17:33,271] {processor.py:651} INFO - DAG(s) dict_keys(['neo4j_workflow']) retrieved from /opt/airflow/dags/sup_court_graph_workflow.py
[2024-08-09 20:17:33,286] {logging_mixin.py:115} INFO - [2024-08-09 20:17:33,286] {dag.py:2371} INFO - Sync 1 DAGs
[2024-08-09 20:17:33,302] {logging_mixin.py:115} INFO - [2024-08-09 20:17:33,302] {dag.py:2919} INFO - Setting next_dagrun for neo4j_workflow to 2024-08-09T00:00:00+00:00, run_after=2024-08-10T00:00:00+00:00
[2024-08-09 20:17:33,309] {processor.py:161} INFO - Processing /opt/airflow/dags/sup_court_graph_workflow.py took 0.156 seconds
[2024-08-09 20:18:03,344] {processor.py:153} INFO - Started process (PID=64) to work on /opt/airflow/dags/sup_court_graph_workflow.py
[2024-08-09 20:18:03,350] {processor.py:641} INFO - Processing file /opt/airflow/dags/sup_court_graph_workflow.py for tasks to queue
[2024-08-09 20:18:03,351] {logging_mixin.py:115} INFO - [2024-08-09 20:18:03,351] {dagbag.py:507} INFO - Filling up the DagBag from /opt/airflow/dags/sup_court_graph_workflow.py
[2024-08-09 20:18:03,461] {processor.py:651} INFO - DAG(s) dict_keys(['neo4j_workflow']) retrieved from /opt/airflow/dags/sup_court_graph_workflow.py
[2024-08-09 20:18:03,482] {logging_mixin.py:115} INFO - [2024-08-09 20:18:03,482] {dag.py:2371} INFO - Sync 1 DAGs
[2024-08-09 20:18:03,507] {logging_mixin.py:115} INFO - [2024-08-09 20:18:03,506] {dag.py:2919} INFO - Setting next_dagrun for neo4j_workflow to 2024-08-09T00:00:00+00:00, run_after=2024-08-10T00:00:00+00:00
[2024-08-09 20:18:03,524] {processor.py:161} INFO - Processing /opt/airflow/dags/sup_court_graph_workflow.py took 0.183 seconds
[2024-08-09 20:18:34,452] {processor.py:153} INFO - Started process (PID=70) to work on /opt/airflow/dags/sup_court_graph_workflow.py
[2024-08-09 20:18:34,459] {processor.py:641} INFO - Processing file /opt/airflow/dags/sup_court_graph_workflow.py for tasks to queue
[2024-08-09 20:18:34,460] {logging_mixin.py:115} INFO - [2024-08-09 20:18:34,460] {dagbag.py:507} INFO - Filling up the DagBag from /opt/airflow/dags/sup_court_graph_workflow.py
[2024-08-09 20:18:34,565] {processor.py:651} INFO - DAG(s) dict_keys(['neo4j_workflow']) retrieved from /opt/airflow/dags/sup_court_graph_workflow.py
[2024-08-09 20:18:34,582] {logging_mixin.py:115} INFO - [2024-08-09 20:18:34,582] {dag.py:2371} INFO - Sync 1 DAGs
[2024-08-09 20:18:34,601] {logging_mixin.py:115} INFO - [2024-08-09 20:18:34,601] {dag.py:2919} INFO - Setting next_dagrun for neo4j_workflow to 2024-08-09T00:00:00+00:00, run_after=2024-08-10T00:00:00+00:00
[2024-08-09 20:18:34,616] {processor.py:161} INFO - Processing /opt/airflow/dags/sup_court_graph_workflow.py took 0.172 seconds
