[2024-08-09 19:50:24,308] {taskinstance.py:1159} INFO - Dependencies all met for <TaskInstance: hello_world_dag.hello_world_task scheduled__2023-03-20T00:00:00+00:00 [queued]>
[2024-08-09 19:50:24,313] {taskinstance.py:1159} INFO - Dependencies all met for <TaskInstance: hello_world_dag.hello_world_task scheduled__2023-03-20T00:00:00+00:00 [queued]>
[2024-08-09 19:50:24,314] {taskinstance.py:1356} INFO - 
--------------------------------------------------------------------------------
[2024-08-09 19:50:24,314] {taskinstance.py:1357} INFO - Starting attempt 1 of 2
[2024-08-09 19:50:24,314] {taskinstance.py:1358} INFO - 
--------------------------------------------------------------------------------
[2024-08-09 19:50:24,323] {taskinstance.py:1377} INFO - Executing <Task(PythonOperator): hello_world_task> on 2023-03-20 00:00:00+00:00
[2024-08-09 19:50:24,325] {standard_task_runner.py:52} INFO - Started process 367 to run task
[2024-08-09 19:50:24,327] {standard_task_runner.py:79} INFO - Running: ['***', 'tasks', 'run', 'hello_world_dag', 'hello_world_task', 'scheduled__2023-03-20T00:00:00+00:00', '--job-id', '82', '--raw', '--subdir', 'DAGS_FOLDER/hello-world.py', '--cfg-path', '/tmp/tmp91_r9unm', '--error-file', '/tmp/tmpw_qs03rf']
[2024-08-09 19:50:24,327] {standard_task_runner.py:80} INFO - Job 82: Subtask hello_world_task
[2024-08-09 19:50:24,365] {task_command.py:369} INFO - Running <TaskInstance: hello_world_dag.hello_world_task scheduled__2023-03-20T00:00:00+00:00 [running]> on host 44c38326447f
[2024-08-09 19:50:24,423] {taskinstance.py:1571} INFO - Exporting the following env vars:
AIRFLOW_CTX_DAG_OWNER=***
AIRFLOW_CTX_DAG_ID=hello_world_dag
AIRFLOW_CTX_TASK_ID=hello_world_task
AIRFLOW_CTX_EXECUTION_DATE=2023-03-20T00:00:00+00:00
AIRFLOW_CTX_TRY_NUMBER=1
AIRFLOW_CTX_DAG_RUN_ID=scheduled__2023-03-20T00:00:00+00:00
[2024-08-09 19:50:24,424] {logging_mixin.py:115} INFO - Hello, world!
[2024-08-09 19:50:24,424] {python.py:173} INFO - Done. Returned value was: None
[2024-08-09 19:50:24,433] {taskinstance.py:1400} INFO - Marking task as SUCCESS. dag_id=hello_world_dag, task_id=hello_world_task, execution_date=20230320T000000, start_date=20240809T195024, end_date=20240809T195024
[2024-08-09 19:50:24,459] {local_task_job.py:156} INFO - Task exited with return code 0
[2024-08-09 19:50:24,486] {local_task_job.py:273} INFO - 0 downstream tasks scheduled from follow-on schedule check
