[2024-08-09 19:50:31,877] {taskinstance.py:1159} INFO - Dependencies all met for <TaskInstance: hello_world_dag.hello_world_task scheduled__2023-03-24T00:00:00+00:00 [queued]>
[2024-08-09 19:50:31,888] {taskinstance.py:1159} INFO - Dependencies all met for <TaskInstance: hello_world_dag.hello_world_task scheduled__2023-03-24T00:00:00+00:00 [queued]>
[2024-08-09 19:50:31,888] {taskinstance.py:1356} INFO - 
--------------------------------------------------------------------------------
[2024-08-09 19:50:31,888] {taskinstance.py:1357} INFO - Starting attempt 1 of 2
[2024-08-09 19:50:31,888] {taskinstance.py:1358} INFO - 
--------------------------------------------------------------------------------
[2024-08-09 19:50:31,904] {taskinstance.py:1377} INFO - Executing <Task(PythonOperator): hello_world_task> on 2023-03-24 00:00:00+00:00
[2024-08-09 19:50:31,906] {standard_task_runner.py:52} INFO - Started process 385 to run task
[2024-08-09 19:50:31,908] {standard_task_runner.py:79} INFO - Running: ['***', 'tasks', 'run', 'hello_world_dag', 'hello_world_task', 'scheduled__2023-03-24T00:00:00+00:00', '--job-id', '86', '--raw', '--subdir', 'DAGS_FOLDER/hello-world.py', '--cfg-path', '/tmp/tmpm075d5lv', '--error-file', '/tmp/tmpfdxqgh57']
[2024-08-09 19:50:31,909] {standard_task_runner.py:80} INFO - Job 86: Subtask hello_world_task
[2024-08-09 19:50:31,969] {task_command.py:369} INFO - Running <TaskInstance: hello_world_dag.hello_world_task scheduled__2023-03-24T00:00:00+00:00 [running]> on host 44c38326447f
[2024-08-09 19:50:32,058] {taskinstance.py:1571} INFO - Exporting the following env vars:
AIRFLOW_CTX_DAG_OWNER=***
AIRFLOW_CTX_DAG_ID=hello_world_dag
AIRFLOW_CTX_TASK_ID=hello_world_task
AIRFLOW_CTX_EXECUTION_DATE=2023-03-24T00:00:00+00:00
AIRFLOW_CTX_TRY_NUMBER=1
AIRFLOW_CTX_DAG_RUN_ID=scheduled__2023-03-24T00:00:00+00:00
[2024-08-09 19:50:32,059] {logging_mixin.py:115} INFO - Hello, world!
[2024-08-09 19:50:32,060] {python.py:173} INFO - Done. Returned value was: None
[2024-08-09 19:50:32,081] {taskinstance.py:1400} INFO - Marking task as SUCCESS. dag_id=hello_world_dag, task_id=hello_world_task, execution_date=20230324T000000, start_date=20240809T195031, end_date=20240809T195032
[2024-08-09 19:50:32,120] {local_task_job.py:156} INFO - Task exited with return code 0
[2024-08-09 19:50:32,155] {local_task_job.py:273} INFO - 0 downstream tasks scheduled from follow-on schedule check
[2024-08-09 19:50:32,177] {dagrun.py:562} INFO - Marking run <DagRun hello_world_dag @ 2023-03-24 00:00:00+00:00: scheduled__2023-03-24T00:00:00+00:00, externally triggered: False> successful
[2024-08-09 19:50:32,177] {dagrun.py:622} INFO - DagRun Finished: dag_id=hello_world_dag, execution_date=2023-03-24 00:00:00+00:00, run_id=scheduled__2023-03-24T00:00:00+00:00, run_start_date=2024-08-09 19:50:30.651319+00:00, run_end_date=2024-08-09 19:50:32.177675+00:00, run_duration=1.526356, state=success, external_trigger=False, run_type=scheduled, data_interval_start=2023-03-24 00:00:00+00:00, data_interval_end=2023-03-25 00:00:00+00:00, dag_hash=b003df6ae223bee2a1a161ea91c8da4c
